68 34 41 75 51 9 56 33 72 19 33 65 27 5 64 56 82 64 71 68 13 14 39 33 27 49 41 71 27 92 1 13 96 76 34 77 81 56 41 78 74 89
35 74 67 32 92 45 29 70 87 88 6 20 12 36 8 43 4 11 2 37 76 10 38 57 67 92 16 6 97 96 68 4 70 87 92 91 99 92 12 49 62 10
1 65 77 53 37 10 47 55 64 6 94 53 72 57 84 63 30 72 24 84 94 29 11 90 88 13 76 65 73 65 93 28 28 87 1 83 33 74 48 4 46 85
70 42 32 51 75 90 63 22 14 59 26 1 12 73 12 12 76 90 33 36 66 1 62 14 82 32 63 58 50 75 88 9 43 34 55 79 88 23 46 62 74 70
25 12 9 51 21 3 87 90 56 92 32 88 48 51 36 78 9 41 73 27 37 81 35 9 65 15 68 63 41 65 33 46 11 61 91 60 85 49 71 32 75 79
79 54 45 42 97 96 76 77 86 3 93 61 54 24 68 25 93 65 53 86 37 19 9 42 41 40 37 62 75 3 57 9 83 31 98 19 41 52 76 83 51 18
59 69 40 25 22 86 34 30 54 26 43 27 21 86 49 79 98 43 88 39 42 59 62 91 87 59 98 25 20 56 75 86 59 49 20 90 18 87 90 56 54 16
63 48 27 67 49 94 70 69 13 78 23 11 91 57 76 53 50 20 71 54 15 51 60 24 22 23 19 50 44 61 48 39 27 29 81 60 7 45 51 98 82 27
65 45 24 31 100 44 43 93 9 15 87 58 25 17 39 44 57 14 64 30 95 56 94 64 63 5 98 70 12 75 22 38 88 93 79 50 71 47 50 7 88 85
6 63 38 8 69 24 45 26 33 15 65 71 89 27 24 97 62 92 2 25 57 62 16 29 22 96 29 31 42 73 84 44 71 34 32 25 42 78 34 53 100 69
46 58 39 92 85 88 17 56 46 25 1 16 64 58 43 74 28 5 4 49 53 65 70 85 65 53 52 24 90 22 23 14 29 41 45 73 83 18 66 22 11 7
82 38 19 8 82 15 82 35 14 35 88 77 41 27 55 41 68 19 24 24 37 4 38 79 10 70 17 51 20 23 32 2 52 67 41 81 50 30 15 97 44 29
28 60 83 38 35 4 99 50 57 75 61 28 52 58 12 14 42 33 28 60 39 77 70 1 16 80 31 34 66 48 77 51 59 36 88 9 24 17 83 82 66 98
62 24 30 58 54 49 23 42 22 73 14 44 63 38 42 76 30 51 1 58 83 44 59 72 3 39 50 26 6 78 84 29 14 11 100 68 59 75 8 22 73 19
92 42 42 88 100 1 52 13 59 60 75 59 30 72 76 73 41 6 70 67 56 10 1 86 74 24 26 11 86 90 49 12 61 100 26 9 6 92 33 56 30 91
96 30 34 54 19 59 22 46 47 34 71 65 1 70 60 19 14 76 16 45 16 3 72 75 25 19 59 38 17 6 24 51 84 38 84 78 22 70 97 48 82 100
43 79 16 84 39 19 100 61 83 71 71 10 14 62 26 11 75 40 66 56 32 62 65 72 42 67 30 37 51 96 83 50 87 93 39 4 96 13 68 25 13 86
28 17 40 46 1 81 58 19 82 88 36 83 59 97 22 18 2 4 29 19 31 90 18 34 46 60 21 38 16 95 19 93 43 83 93 71 97 47 23 19 77 87
37 36 59 10 89 97 77 54 45 98 34 87 79 23 71 33 78 23 44 27 42 49 16 68 63 99 41 79 10 51 77 55 11 29 94 8 17 94 83 36 82 100
92 91 5 10 28 99 93 40 97 19 12 66 66 18 27 13 16 99 48 12 26 83 56 54 24 87 61 94 65 44 21 70 73 53 53 97 79 92 11 77 48 21
5 43 31 59 68 82 90 24 23 78 61 88 8 13 35 96 84 48 89 26 12 54 16 96 32 97 48 37 67 55 12 82 29 70 12 75 79 16 42 75 91 11
3 89 78 22 29 90 76 80 30 74 97 78 78 18 6 70 14 85 44 56 38 75 31 69 7 63 63 15 94 82 83 66 35 45 61 23 80 50 32 60 72 72
54 7 7 89 94 99 13 97 62 71 68 75 1 97 84 32 93 49 38 2 87 21 40 26 69 34 56 65 75 13 57 68 42 95 35 12 59 58 88 99 6 14
93 41 74 23 49 10 1 88 36 64 86 26 59 86 51 41 25 72 10 50 91 3 13 77 19 59 76 92 10 73 91 14 19 9 41 20 78 41 6 75 73 16
83 43 87 47 84 58 11 30 51 69 51 28 40 42 99 89 2 65 64 97 51 24 89 30 3 23 93 50 1 40 26 94 4 53 98 62 51 53 80 54 33 86
22 65 22 7 8 73 4 50 74 93 41 30 4 24 80 86 93 14 50 85 63 32 83 51 8 47 62 36 96 29 25 35 68 48 86 57 8 37 22 23 90 19
17 49 46 31 22 23 70 38 67 86 95 29 61 30 2 91 60 76 82 16 35 70 55 99 8 93 55 6 74 13 87 73 66 33 30 91 30 52 39 36 21 81
19 47 25 14 11 39 62 67 45 3 96 24 58 30 94 98 71 46 89 65 94 79 86 10 82 38 99 38 90 63 78 73 39 36 41 64 82 88 52 44 66 32
96 6 73 69 18 93 89 50 60 81 25 21 25 66 35 90 29 13 43 43 54 60 11 94 13 26 47 5 62 68 70 31 82 9 6 84 96 27 48 89 32 68
48 91 71 1 14 39 2 94 93 14 20 3 78 60 38 91 28 47 9 76 17 9 85 87 37 48 15 38 73 9 44 2 58 65 92 17 79 63 9 54 59 88
27 30 30 92 15 80 90 96 40 28 26 63 9 33 35 46 85 79 61 14 53 20 75 81 31 59 47 24 69 16 35 43 51 98 93 33 77 56 47 33 94 45
72 71 78 63 10 91 56 98 54 3 77 24 14 97 57 54 76 70 22 43 9 72 81 17 15 3 89 65 59 9 78 78 15 44 11 53 54 84 77 48 7 87
39 51 74 56 17 58 24 17 25 100 95 97 88 56 94 15 87 63 59 97 63 4 16 50 10 8 70 71 32 24 69 78 99 50 50 42 100 95 60 81 79 8
70 7 98 11 36 59 3 87 55 28 59 38 2 54 77 52 99 20 55 49 34 46 52 68 85 99 39 9 69 60 69 71 59 16 79 55 85 81 90 27 49 61
13 2 13 60 52 92 86 6 11 26 3 62 51 63 6 41 71 86 89 73 55 82 42 29 57 31 64 69 27 35 92 3 62 42 80 14 66 98 23 79 7 28
68 94 87 25 1 16 83 89 46 44 72 96 61 85 63 45 88 90 47 27 4 5 16 80 91 93 76 82 11 5 97 65 64 90 72 63 94 66 67 51 72 75
100 49 91 38 50 89 86 83 50 25 67 26 29 35 49 59 48 45 91 7 35 93 80 65 94 1 16 86 23 87 84 82 57 1 78 97 9 66 87 2 67 32
36 30 62 49 20 57 89 56 87 24 79 65 94 55 82 36 5 66 50 74 4 86 11 22 97 79 22 53 75 20 29 91 8 13 74 61 73 14 56 62 97 53
95 24 37 84 57 12 27 35 14 73 94 61 85 73 1 60 4 41 44 30 57 14 99 6 53 100 76 74 80 59 28 24 79 49 94 16 44 62 29 100 98 72
4 85 56 96 99 3 18 15 75 62 52 3 6 58 14 93 22 46 31 5 49 99 74 27 55 53 16 53 11 46 27 38 90 24 21 5 30 79 15 56 21 69
12 55 68 42 4 35 58 2 23 82 85 17 41 70 42 6 64 9 21 6 25 90 89 17 46 49 29 95 53 7 72 24 36 52 98 100 15 79 61 64 95 94
23 57 56 3 25 73 33 17 69 4 19 31 12 33 56 65 7 19 49 27 18 23 78 17 9 83 35 77 83 67 98 80 66 75 27 37 69 79 54 17 30 86
