12 94 86 22 70 8 16 10 94 94 96 89 23 66 84 72 59 61 32 76 61 32 1 30 87 5 90 8 20 1 92 12 61 54 8 38 49 16
5 81 63 23 71 68 56 31 33 27 67 16 96 64 63 37 22 53 55 27 46 16 62 49 19 47 59 39 32 52 1 58 95 36 95 24 57 93
78 81 81 13 6 70 94 25 37 23 61 51 36 53 3 60 76 59 62 90 79 40 63 28 22 57 42 61 39 77 80 6 55 59 6 23 71 24
7 69 37 49 48 35 39 9 81 39 39 20 9 74 63 44 82 34 35 4 22 59 3 99 25 10 91 72 68 80 18 54 34 94 14 28 51 73
69 12 98 19 95 72 80 38 76 29 89 73 62 71 21 41 88 56 86 67 56 30 49 25 98 34 14 72 77 44 18 72 47 44 12 30 83 49
23 14 3 69 88 58 83 75 8 82 12 92 43 32 71 34 72 66 68 13 21 46 96 25 77 9 13 55 99 78 15 81 30 94 14 12 2 24
14 69 9 18 27 99 9 21 85 100 46 84 95 48 23 38 88 27 17 41 28 95 85 75 55 62 56 48 15 90 96 41 72 67 94 12 94 54
1 52 81 15 77 46 55 73 75 79 68 34 100 12 74 94 100 2 94 71 74 100 17 34 70 34 61 15 21 62 42 31 29 52 65 55 100 49
43 17 41 51 24 98 23 94 20 92 26 76 89 70 42 31 5 35 5 77 35 46 38 86 9 87 94 24 54 86 37 76 60 41 4 81 33 96
38 80 77 91 41 19 8 56 91 24 68 43 79 99 87 75 80 60 67 96 52 73 8 39 28 5 73 30 8 73 68 21 42 95 96 54 45 98
39 69 59 36 80 39 46 35 77 44 90 70 43 99 89 94 39 94 54 42 76 76 94 71 94 86 3 90 70 35 29 91 22 38 63 94 32 9
89 41 94 60 91 45 39 62 42 35 43 1 58 4 18 83 1 49 9 87 37 63 85 63 69 43 77 67 17 45 54 78 89 75 82 22 76 9
56 32 41 70 89 73 45 57 52 44 64 55 42 53 18 4 31 74 24 52 35 73 45 30 67 43 44 88 23 62 10 99 67 13 47 86 5 12
90 34 47 96 11 64 91 7 30 50 48 79 48 80 93 62 62 93 85 10 2 74 60 85 3 61 74 57 43 64 74 87 34 98 10 29 51 94
48 80 75 4 72 29 40 85 91 3 3 86 70 54 99 91 19 94 93 88 38 81 22 10 39 62 67 33 8 5 82 5 86 52 49 44 27 66
82 64 74 41 46 65 55 76 75 8 18 58 46 44 68 63 6 34 68 84 11 39 59 79 1 21 52 71 64 47 4 90 71 96 69 1 67 82
94 60 98 80 22 2 5 83 73 3 100 34 81 23 50 8 41 38 49 86 75 98 44 24 20 44 76 40 61 89 70 32 30 18 25 56 39 3
85 54 81 100 71 24 24 20 92 42 24 94 14 89 66 98 29 4 70 91 91 43 69 86 19 79 29 67 48 9 17 45 62 93 12 72 2 11
88 37 36 6 84 91 26 42 90 88 27 91 65 64 90 52 60 91 31 51 57 9 78 1 91 88 33 23 94 58 84 89 61 93 55 71 24 29
62 96 73 92 90 5 79 33 88 47 4 4 11 35 33 24 23 12 12 87 72 4 20 25 85 14 62 84 31 31 68 11 9 38 36 53 44 57
94 66 1 62 56 2 25 85 91 92 49 51 62 51 20 91 99 95 15 56 81 78 58 94 40 64 70 61 18 24 86 19 83 31 28 76 42 6
18 75 8 82 79 28 82 80 40 38 52 34 86 23 82 18 61 69 91 82 36 26 42 6 57 92 4 54 44 65 3 20 63 14 34 32 81 66
2 21 56 53 80 98 31 80 94 14 71 23 74 41 4 41 99 28 28 29 46 35 92 13 9 35 30 6 77 75 31 60 7 97 41 41 96 24
83 36 67 54 7 93 34 84 54 1 37 72 5 12 31 4 36 99 44 3 83 2 65 66 33 16 8 92 15 47 58 28 79 11 63 35 19 70
48 81 42 34 63 72 24 68 64 17 59 12 63 93 29 67 82 90 5 78 26 79 24 68 79 57 93 60 27 38 82 10 80 90 28 41 60 16
66 77 89 30 36 64 95 37 82 91 68 91 4 52 32 84 15 49 100 63 19 83 16 8 15 62 52 87 18 82 68 20 98 29 78 87 64 54
54 56 82 88 88 2 31 26 4 63 57 39 3 81 90 62 68 80 75 25 74 70 73 78 88 13 54 88 35 19 11 80 88 10 18 35 29 6
5 26 69 43 97 64 47 19 6 36 6 42 70 78 53 60 94 48 96 66 13 37 30 85 40 12 93 30 21 12 67 17 39 87 41 49 30 85
85 72 16 54 34 22 88 38 77 27 32 59 55 17 31 46 97 50 7 73 38 79 42 5 75 60 71 43 72 93 88 1 70 45 43 40 89 79
96 9 97 84 89 66 46 29 80 11 63 48 30 77 73 87 62 32 59 33 99 40 16 91 21 52 20 18 93 92 72 97 84 41 1 66 55 46
26 60 26 21 36 22 6 20 96 78 20 53 53 79 65 52 47 70 90 86 6 39 16 35 28 39 73 46 65 33 78 54 41 83 1 97 14 41
22 57 10 15 80 46 17 78 40 83 76 59 75 21 8 66 39 76 59 29 63 22 37 92 55 71 8 57 55 24 46 59 96 70 59 13 80 34
65 3 13 19 94 11 51 38 69 61 57 80 50 16 96 2 71 99 10 47 18 27 58 22 89 25 95 89 67 62 65 31 67 21 77 63 70 86
82 33 37 45 91 96 90 92 99 90 32 3 31 49 29 41 39 50 90 90 93 64 60 86 42 8 6 53 94 92 39 94 34 94 55 53 67 1
73 6 56 64 63 42 39 57 84 6 96 84 45 99 82 10 77 37 48 79 40 78 1 35 99 8 41 55 65 62 72 7 10 93 36 32 80 69
7 41 63 30 66 23 64 96 40 75 45 91 45 80 91 98 56 100 41 84 48 76 53 91 43 85 84 67 76 31 48 50 58 63 31 88 78 95
57 76 44 53 2 13 36 61 16 64 92 3 50 36 11 84 18 24 19 26 47 25 94 43 3 52 63 34 1 99 16 55 18 15 32 65 38 34
44 63 43 65 6 52 98 2 22 23 4 69 19 58 78 51 72 44 65 66 4 82 42 99 22 2 10 61 13 70 93 73 35 28 96 58 3 86
