82 41 42 87 91 89 87 78 11 54 38 69 3 30 39 25 37 18 10 18 99 63 22 96 60 8 4 26 89 21 46 3 39 12 14 43 84 71 71 47 91 43 50 89 60 7 20 55 81
33 38 42 6 18 46 69 29 41 34 7 7 40 59 11 65 85 12 53 56 48 44 61 67 32 72 33 60 17 92 93 84 79 36 54 81 1 37 84 60 85 81 59 99 83 15 71 77 68
57 51 47 100 84 32 99 80 100 79 68 30 27 37 68 6 91 30 72 42 46 59 83 57 73 88 1 19 89 89 73 93 39 91 18 78 59 82 18 53 20 17 76 81 90 53 80 55 67
11 60 26 57 19 21 80 48 98 87 54 9 96 70 56 58 18 65 59 44 7 60 37 87 15 100 91 21 83 30 29 33 46 12 78 7 7 71 93 72 80 62 91 80 87 85 26 59 91
73 79 14 29 85 7 12 50 8 25 94 42 7 98 88 3 83 67 23 34 23 72 89 38 67 20 81 36 75 73 97 13 60 65 61 96 39 50 53 57 96 18 39 8 20 6 20 22 69
83 57 25 68 53 72 90 81 55 35 6 26 15 5 25 67 67 32 60 98 87 17 20 99 89 97 9 15 34 78 12 100 70 51 6 87 64 49 25 11 59 8 24 14 36 13 10 85 27
2 78 30 52 87 69 59 46 5 76 47 37 51 99 23 76 17 43 98 80 95 73 37 27 71 16 6 57 16 94 36 62 45 61 54 4 21 78 74 58 8 21 96 61 41 22 2 89 29
7 4 96 20 70 22 91 29 38 50 10 81 87 3 40 47 89 99 100 37 78 33 93 65 69 53 3 48 57 9 36 48 63 46 92 53 67 100 41 67 46 46 2 48 67 42 32 67 80
36 43 4 92 49 59 76 63 86 13 25 17 80 6 42 33 26 23 100 56 45 42 66 86 100 93 59 57 57 55 30 6 70 68 63 19 59 36 56 51 75 67 6 47 33 76 25 17 45
61 1 95 67 38 58 11 27 100 85 55 71 77 39 49 90 2 56 21 34 84 84 79 66 56 54 19 35 63 23 17 91 50 55 77 36 86 74 69 71 39 22 59 72 86 91 8 57 4
72 12 94 18 98 48 33 20 93 25 66 85 23 33 5 47 11 88 21 55 48 89 99 9 51 58 58 61 17 77 33 70 19 88 55 86 24 38 71 46 57 83 24 83 23 26 26 81 50
28 26 68 47 25 83 90 78 14 93 40 48 80 66 35 46 51 58 37 31 41 16 97 41 45 91 62 52 25 38 57 60 68 18 73 29 30 52 44 26 21 83 88 45 4 12 2 30 34
38 44 88 94 69 39 97 92 13 5 7 29 2 17 69 4 83 59 85 53 86 77 87 61 37 60 21 9 30 17 59 29 59 66 35 79 99 32 31 49 33 7 42 43 62 68 84 38 4
44 96 41 88 28 23 51 48 83 23 10 37 13 82 42 53 22 65 13 5 65 17 12 15 79 58 29 79 43 4 50 40 44 43 17 61 57 18 57 75 67 92 27 49 97 83 70 30 11
69 17 80 22 49 24 13 86 84 56 93 5 77 80 73 2 94 63 16 80 24 99 77 55 7 87 57 95 85 91 21 29 62 89 51 2 71 34 66 75 23 71 31 37 42 84 89 90 41
34 16 42 13 94 7 23 32 52 14 100 1 65 24 69 27 39 11 54 89 38 40 48 13 28 10 14 90 73 13 97 81 4 74 94 50 76 72 15 44 58 16 10 54 51 88 65 44 28
96 5 26 68 83 7 30 7 30 63 76 24 58 28 75 54 55 47 86 71 54 84 22 53 14 66 33 25 50 90 25 72 91 16 46 65 97 77 81 30 54 96 21 50 33 94 64 5 11
72 7 35 100 72 90 73 85 38 74 37 65 71 72 77 85 94 66 42 55 69 6 3 39 24 87 93 77 97 54 21 79 87 80 53 86 84 30 59 37 72 44 36 89 73 51 25 2 28
4 69 61 45 70 57 37 55 34 85 62 12 39 14 38 50 96 81 100 73 31 98 46 7 72 20 83 95 27 80 27 41 27 38 48 27 89 32 59 64 56 64 44 24 62 80 35 85 83
43 42 1 98 94 46 78 70 1 61 48 41 13 83 34 51 81 66 68 77 56 47 3 26 28 60 68 91 83 100 7 57 4 89 22 58 20 45 25 17 90 72 32 26 71 69 71 21 94
12 36 8 2 78 52 54 10 65 23 19 51 45 41 42 6 39 47 9 2 67 70 65 31 74 14 21 90 3 23 84 49 5 70 62 38 47 43 9 59 26 93 75 52 14 75 52 88 88
80 99 22 29 15 24 77 57 84 54 14 5 62 17 46 47 68 41 45 16 59 76 40 50 62 36 59 73 76 3 46 45 1 87 45 42 91 68 12 35 30 36 3 91 66 85 98 37 64
35 26 93 43 5 19 71 22 58 98 28 84 81 89 19 26 21 98 70 87 13 18 73 80 74 29 75 20 17 3 75 46 69 31 60 39 76 1 68 2 29 18 1 40 46 30 25 53 62
13 14 94 5 85 51 86 46 69 23 13 67 1 20 16 71 46 43 82 32 57 88 58 80 35 2 88 2 66 70 92 26 24 10 67 94 70 29 18 62 40 13 72 47 21 36 12 83 66
94 24 18 69 44 98 53 66 11 51 97 42 44 90 75 37 84 65 80 81 19 21 71 14 3 69 95 3 53 55 89 11 48 41 86 97 20 17 29 56 28 82 76 63 11 61 68 29 100
31 13 18 69 96 37 52 17 69 38 10 71 57 14 53 96 66 95 9 76 2 31 21 39 88 70 84 45 60 30 39 99 97 22 40 34 42 35 91 16 95 68 10 76 29 6 66 67 52
62 19 4 42 12 92 98 61 9 18 42 46 62 60 47 94 97 85 8 61 43 43 55 18 18 57 65 24 56 35 65 17 67 20 19 94 98 100 100 75 91 22 31 25 71 12 41 73 19
35 58 44 97 94 7 52 98 42 7 31 7 48 52 57 24 34 71 60 15 77 36 60 22 64 32 65 40 18 39 5 81 31 82 8 69 46 58 81 83 49 53 95 79 22 93 80 94 82
59 97 94 63 93 11 2 36 33 32 91 89 40 72 25 33 91 16 7 39 7 90 81 46 54 79 15 10 45 75 78 16 66 27 69 74 55 41 71 40 55 23 23 86 97 25 56 59 59
27 40 40 21 99 14 36 91 38 98 35 57 9 84 67 57 33 1 50 58 3 74 99 92 27 75 47 28 55 27 54 65 53 21 55 36 59 82 91 83 18 29 37 4 5 51 29 80 4
7 87 12 45 91 52 94 78 85 6 16 8 91 65 82 97 90 7 76 91 85 81 92 70 96 96 91 38 44 64 43 27 1 12 51 10 59 24 13 25 93 31 91 82 15 17 62 84 59
92 95 26 19 100 81 73 50 100 37 87 67 53 39 45 11 40 7 27 39 24 74 61 40 96 44 26 87 25 35 5 73 18 55 33 97 95 42 1 1 31 30 16 78 100 61 33 88 39
44 47 29 26 91 45 17 6 2 58 24 58 80 13 41 77 84 3 25 82 71 78 11 9 14 75 56 17 100 73 24 80 74 94 100 82 92 32 65 76 19 25 53 51 11 2 28 24 79
89 44 79 20 94 44 17 87 70 100 67 79 19 85 35 93 18 97 8 48 13 87 92 66 7 17 64 28 23 49 53 94 87 85 21 62 42 50 76 38 49 100 55 49 70 60 61 98 65
28 23 49 85 75 42 29 89 84 91 45 100 20 60 97 51 30 34 75 43 51 82 68 63 71 25 68 70 22 54 26 83 69 58 36 40 38 40 85 77 57 54 83 71 53 10 40 97 58
20 12 51 75 50 46 12 76 57 99 37 75 8 2 77 91 54 12 85 19 76 86 34 74 60 12 93 24 34 4 12 6 98 100 99 85 1 100 83 1 91 52 34 95 36 24 67 95 73
85 81 93 85 75 79 26 44 93 86 38 56 85 75 28 96 80 68 29 71 12 23 76 82 6 86 32 100 14 8 43 37 80 37 93 24 33 76 12 25 83 95 89 17 72 68 38 2 22
25 56 45 60 15 50 39 78 41 48 17 92 48 34 6 53 14 16 47 32 51 46 37 71 97 23 20 15 18 19 25 34 25 30 17 100 76 100 7 65 44 42 56 30 45 1 49 54 23
94 59 55 50 74 6 97 31 88 85 94 91 78 60 19 51 1 46 46 62 96 80 100 48 34 72 81 16 94 34 50 6 29 51 83 32 37 64 69 38 40 65 61 27 31 26 49 21 57
36 48 24 15 70 15 40 88 13 93 50 33 76 15 92 16 53 76 82 20 89 86 76 54 24 58 19 45 74 38 36 88 61 58 30 50 39 46 45 96 2 84 46 39 83 57 5 4 68
25 71 54 96 19 86 45 56 11 26 72 59 14 50 42 37 46 55 15 82 21 14 91 9 53 96 29 37 61 96 91 33 59 6 17 43 59 27 27 26 94 21 24 16 62 41 49 73 61
95 91 37 4 66 28 57 83 21 97 45 97 10 96 66 62 62 49 50 91 2 36 77 9 80 75 49 70 76 80 47 39 26 66 60 7 81 2 37 30 28 45 43 73 96 49 66 21 99
83 74 48 33 34 25 27 54 36 56 78 18 72 23 92 61 52 20 69 34 84 36 57 16 20 39 21 79 75 62 29 66 68 35 59 51 86 25 67 52 70 89 60 53 52 56 22 33 44
68 28 47 52 39 5 3 1 64 29 86 91 43 42 72 85 19 80 39 73 99 84 73 30 27 84 80 77 86 45 56 65 13 50 84 88 14 84 93 89 94 78 88 63 67 8 34 54 35
28 14 27 38 12 57 59 55 16 39 1 68 40 17 60 30 64 89 8 64 93 87 4 67 94 59 92 59 2 60 5 19 35 95 100 41 85 90 89 95 34 14 44 22 84 50 76 25 42
6 55 62 15 53 18 89 90 98 43 91 8 37 78 1 35 14 22 94 3 49 97 87 90 86 96 67 53 23 62 42 100 53 93 36 70 54 36 39 45 32 3 48 68 11 92 42 34 20
47 97 5 64 64 28 22 89 78 29 86 35 22 53 18 51 8 93 5 3 85 49 68 64 66 23 88 47 9 8 10 33 70 71 58 24 28 25 66 7 93 59 85 29 59 61 15 58 53
87 73 39 52 9 56 87 16 75 96 26 47 2 66 17 83 55 98 6 29 46 86 16 72 72 84 9 38 96 77 82 9 63 20 71 89 86 96 13 76 36 3 90 66 73 83 48 66 63
90 51 72 20 50 3 9 9 35 43 19 63 35 92 44 7 77 98 98 22 88 53 43 42 45 32 27 16 27 73 80 97 71 18 72 68 27 46 48 72 27 54 69 30 96 37 63 33 12
