83 26 100 13 32 10 91 7 50 1 7 56 16 43 7 2 9 1 89 52 8 39 53 82 5 25 42 63 66 56 82 76 38 12 50 47 60 48 7 12 59 39 12 100 23 12 54 58 38 86 86 92 99 76 71 46 1 33 46 26 23 76 28 15 57 99 53 41 17 79 79 42 38 6 23 14 87 26 66 71 28 44 55 25 26 62 15 82 94 10 39 22
30 47 93 92 30 31 28 92 86 67 46 52 22 32 21 8 28 35 23 82 88 58 13 66 96 52 80 83 7 88 44 31 1 9 40 14 28 91 99 23 100 87 76 92 43 26 66 21 20 90 96 25 83 78 40 26 30 49 14 8 88 55 26 65 5 49 25 98 3 20 99 23 98 1 55 6 84 97 12 40 97 38 13 69 90 99 56 79 1 20 42 46
28 45 55 94 83 39 59 94 56 23 44 52 3 61 71 96 36 7 78 99 28 81 21 53 22 6 38 70 99 8 28 52 49 91 14 97 74 41 56 70 62 26 44 41 88 9 46 17 19 72 8 53 53 35 53 24 55 48 96 85 94 71 41 55 50 38 82 46 14 97 19 3 29 51 14 75 26 90 74 19 95 61 50 4 56 49 6 83 96 35 96 29
62 13 25 10 6 92 72 97 73 55 51 91 42 1 50 20 78 81 20 46 21 55 32 14 49 41 1 41 19 10 2 3 94 65 63 90 2 6 45 59 81 3 4 91 43 63 7 39 50 81 57 22 78 21 42 77 2 45 55 45 43 64 92 94 71 58 61 71 7 29 7 91 58 60 2 24 100 98 98 18 64 11 76 48 56 5 76 8 51 51 10 99
53 83 32 21 63 40 7 84 90 53 94 53 5 39 6 85 76 91 84 76 6 79 77 72 69 90 38 2 20 31 3 51 59 98 59 95 8 85 45 12 75 83 24 7 98 51 27 32 13 28 45 41 58 94 45 43 76 10 34 23 23 61 31 60 34 53 75 27 99 90 89 57 61 5 23 86 28 71 90 88 34 98 36 15 87 45 75 98 33 52 4 20
97 16 67 98 90 54 6 51 59 51 65 96 74 81 25 28 6 24 67 46 28 62 92 77 85 26 10 56 92 92 24 89 58 26 21 5 96 44 25 1 85 96 17 14 89 25 58 89 47 51 6 14 86 24 76 100 16 47 55 74 17 64 58 58 55 46 52 69 74 78 5 60 17 17 10 52 74 42 8 46 45 7 69 14 89 67 84 91 76 30 88 20
47 6 30 63 24 49 2 58 53 17 43 21 34 21 79 56 51 100 6 85 38 69 26 87 21 83 51 6 25 12 39 48 72 8 38 20 53 15 79 5 39 29 24 99 73 16 97 45 19 42 25 36 94 41 73 25 38 57 19 95 23 17 52 87 50 96 48 18 28 57 37 78 70 23 11 99 5 80 92 95 75 48 4 1 11 86 78 77 68 61 20 72
84 27 23 29 71 68 35 36 30 27 45 62 53 46 88 61 43 69 95 34 11 22 46 75 92 5 55 27 68 45 62 73 59 84 16 20 36 65 2 86 14 56 86 24 39 100 47 40 39 3 57 17 17 60 34 30 32 71 1 74 26 95 5 80 7 74 74 71 6 84 62 82 62 23 80 48 77 2 80 92 39 30 40 45 75 63 55 34 36 2 56 2
98 2 57 1 43 55 71 13 41 87 34 61 12 30 85 34 55 86 47 1 84 74 100 43 39 54 41 88 51 45 35 91 83 16 76 28 61 1 32 4 57 97 4 91 14 71 81 36 90 94 93 90 29 19 95 52 62 42 30 5 80 48 73 16 5 76 60 16 25 28 1 95 70 3 43 46 45 1 49 95 99 64 95 48 3 44 11 22 50 39 83 51
55 74 19 60 83 78 56 68 61 3 37 68 30 69 30 53 19 35 25 100 4 99 17 42 33 81 98 64 35 76 2 20 18 78 73 89 53 99 41 63 94 21 13 63 34 56 97 2 91 95 51 97 95 29 42 29 11 40 62 60 92 19 22 57 30 23 63 44 52 57 22 58 65 32 10 100 16 24 37 59 7 84 98 100 59 99 65 81 21 47 100 77
33 7 76 43 97 91 8 70 47 38 3 74 25 42 40 1 91 56 42 68 38 58 75 10 20 31 28 80 96 90 6 18 66 95 77 62 72 83 4 9 74 42 18 26 49 12 85 89 34 58 86 49 92 77 10 68 48 94 33 30 72 10 18 41 96 95 19 1 73 68 25 73 1 32 85 87 95 6 27 51 31 5 82 43 43 4 97 59 66 78 71 81
3 81 93 41 81 98 100 66 28 2 26 35 60 63 99 4 25 45 90 98 84 59 57 98 38 12 80 67 76 6 1 94 7 81 91 96 96 76 26 23 72 14 85 22 32 22 94 92 73 22 21 65 72 46 96 99 82 97 59 94 72 65 56 83 67 83 55 23 53 80 34 72 68 4 33 86 97 73 50 70 50 100 49 97 89 42 60 1 15 59 23 22
46 94 11 90 70 57 31 4 45 2 60 34 84 35 74 89 80 45 99 10 42 20 78 63 67 7 47 79 76 57 33 61 21 56 30 53 21 71 29 41 32 47 70 96 51 81 95 41 90 57 32 59 8 54 27 58 56 14 47 48 5 13 24 40 26 34 53 53 90 99 60 18 35 16 84 51 14 8 73 18 53 86 53 74 99 88 72 42 18 82 68 6
77 91 62 95 73 74 76 74 23 50 54 92 66 34 39 99 66 9 98 42 36 46 73 49 33 59 40 46 95 25 57 57 13 69 56 44 74 24 60 2 53 79 8 47 97 38 6 33 54 4 17 44 13 36 46 42 75 32 61 62 94 25 52 28 69 61 44 6 67 58 57 95 7 60 58 15 53 90 81 24 58 40 18 42 95 87 3 35 74 50 100 43
25 92 33 43 16 90 4 92 37 68 8 2 46 71 16 76 55 1 67 32 22 2 37 43 63 88 39 10 88 18 37 93 5 35 11 91 89 99 90 38 54 28 67 79 60 70 60 35 45 67 87 82 33 66 5 51 39 22 44 29 1 35 79 67 26 51 5 51 19 70 33 5 93 82 3 96 35 74 44 3 85 93 24 57 61 95 15 9 44 38 58 69
82 15 29 21 52 63 40 17 74 3 7 79 51 83 3 70 72 20 61 100 78 90 9 49 35 52 82 87 66 57 11 94 3 84 78 48 68 52 71 13 100 4 5 55 10 8 39 42 66 29 35 81 10 27 78 53 89 73 24 60 63 7 99 83 5 86 77 29 80 46 100 98 3 82 76 24 55 42 88 35 81 7 58 10 99 89 59 27 60 8 40 53
96 24 23 87 37 37 95 50 55 66 44 88 27 1 42 5 23 19 92 99 79 17 97 93 32 28 99 7 63 49 18 100 98 12 85 66 76 65 50 48 24 25 85 2 30 36 57 66 4 89 92 8 93 71 90 50 12 97 18 16 84 82 87 32 45 45 91 61 44 49 6 47 86 33 31 81 33 88 24 69 73 28 73 14 63 22 37 40 28 4 43 5
24 58 50 47 56 30 89 16 34 82 30 80 92 61 86 91 45 50 74 75 81 57 10 37 38 31 93 21 40 61 94 33 37 17 76 25 64 78 13 20 1 87 82 24 18 67 80 57 71 13 48 37 78 13 51 1 22 29 13 17 91 91 89 91 7 84 62 68 77 66 95 64 17 25 51 17 2 62 12 43 53 17 75 53 99 90 61 77 55 23 43 19
33 1 78 65 75 89 65 19 57 44 52 1 98 65 64 44 68 48 66 88 35 40 33 21 95 23 22 44 9 81 78 50 44 4 36 85 13 24 89 92 37 87 66 14 25 93 97 34 70 65 18 71 28 81 79 92 17 89 7 16 90 35 22 14 100 7 94 46 84 68 26 37 51 96 50 12 32 87 36 96 44 59 59 94 33 92 7 88 37 60 81 72
44 50 27 87 78 40 74 44 52 11 71 16 14 42 12 58 10 81 6 60 12 26 59 18 3 48 98 7 61 51 93 74 17 49 77 26 75 61 64 49 1 66 73 99 7 83 83 87 40 36 48 63 6 27 61 12 16 40 32 67 18 16 12 32 43 12 48 41 61 22 75 71 68 98 24 67 78 70 26 65 70 28 84 76 48 94 73 38 59 16 52 43
3 23 49 72 55 86 49 89 92 9 96 10 72 100 67 58 11 100 7 63 30 26 89 30 12 8 94 43 83 89 11 44 79 1 41 54 50 65 1 61 67 98 31 47 22 50 30 29 69 73 90 64 92 60 72 15 13 16 40 63 92 63 1 5 99 8 10 25 53 82 34 37 26 80 64 49 13 94 50 40 36 18 5 57 78 91 39 58 99 60 3 83
70 86 79 44 30 42 59 98 35 90 29 73 87 37 28 20 73 49 39 46 54 33 45 25 15 97 14 62 87 67 91 34 7 42 49 93 31 18 42 6 93 69 61 88 90 7 57 10 38 34 93 67 92 61 61 54 98 100 10 93 19 81 29 85 52 7 36 67 82 42 98 27 5 32 18 32 47 25 59 77 84 95 61 73 34 90 97 71 74 56 60 14
83 63 78 67 83 68 81 12 32 59 42 62 63 66 84 76 53 85 97 30 31 79 5 82 43 15 7 84 96 68 9 45 25 61 30 11 29 68 15 26 47 17 88 79 26 95 43 64 25 21 97 64 84 78 5 11 32 56 31 59 21 20 10 59 35 83 96 63 56 5 93 53 34 73 27 89 30 61 18 40 18 10 17 27 53 93 42 21 42 90 21 15
90 3 39 75 52 21 88 92 23 85 60 53 91 34 31 50 75 20 19 60 9 22 31 39 70 6 30 39 23 79 76 57 16 74 91 98 96 71 6 91 65 19 16 13 39 25 41 1 57 3 35 56 82 1 17 43 44 85 91 99 4 27 23 5 63 93 76 50 97 94 57 76 96 83 1 9 68 60 36 74 45 79 24 48 11 16 61 52 24 5 52 68
38 69 76 46 70 61 65 75 80 22 21 71 85 30 66 91 78 33 63 25 31 17 28 7 35 50 94 18 36 74 90 87 74 24 34 98 84 20 45 31 4 45 46 19 10 45 37 6 89 3 24 99 71 75 98 54 9 59 38 32 76 71 79 49 35 9 53 8 51 33 86 4 21 57 81 60 80 96 9 34 9 2 89 87 33 66 25 25 28 53 35 95
100 75 45 89 38 48 14 64 3 7 16 24 7 28 83 47 98 41 45 68 49 63 50 62 48 7 52 96 49 44 70 26 61 90 68 6 34 56 12 82 82 5 94 83 70 71 80 31 67 49 73 73 33 84 89 29 75 85 22 80 68 51 60 59 43 95 1 64 35 86 52 89 78 83 73 39 93 86 70 53 33 50 78 84 47 82 21 100 96 84 29 93
36 53 26 50 2 82 14 26 77 87 45 65 19 55 83 99 71 89 27 67 33 88 20 51 31 11 17 10 60 49 92 65 79 33 38 13 28 98 76 89 53 64 22 85 82 60 95 32 97 7 49 32 5 82 17 65 70 26 76 89 93 45 54 84 8 82 2 17 23 88 31 50 91 94 44 74 14 47 15 18 80 46 88 78 98 82 87 36 10 46 40 45
80 49 40 28 77 83 53 8 81 88 79 38 23 29 32 68 42 71 16 69 42 9 69 48 4 16 95 100 20 33 40 1 37 24 24 57 46 28 85 96 10 80 43 15 40 34 44 11 59 14 24 62 19 7 57 16 53 76 75 74 33 19 60 53 90 60 64 36 99 94 25 56 72 48 95 54 34 33 21 100 93 67 37 13 16 90 82 81 87 93 56 81
55 36 22 55 5 7 71 71 70 72 59 51 20 20 36 47 68 98 94 28 71 39 75 59 42 36 39 98 39 77 36 33 20 88 46 57 1 66 7 39 34 16 66 57 8 57 7 6 87 62 92 1 15 88 29 14 17 90 17 47 9 17 69 99 98 54 35 5 51 89 55 44 7 56 46 4 5 68 91 90 60 22 88 95 35 37 12 33 72 94 31 48
53 39 41 5 74 90 79 22 89 91 85 11 67 85 91 10 42 34 24 95 17 31 2 40 7 89 89 96 67 64 7 23 9 79 4 31 86 1 59 12 23 73 50 20 30 94 33 98 21 11 67 94 14 2 30 50 65 72 82 90 42 62 42 8 37 81 48 19 47 82 80 51 77 29 8 98 81 77 52 71 22 56 31 54 55 3 87 62 24 72 40 20
100 63 41 82 62 85 67 28 30 73 39 92 19 11 13 81 18 41 70 50 64 6 62 6 12 86 76 43 74 99 40 46 89 40 95 32 91 89 98 85 83 44 59 59 14 92 80 19 33 85 62 42 75 69 31 25 60 95 58 81 99 23 18 54 90 19 66 14 37 2 73 38 6 44 63 99 5 3 53 86 53 2 55 32 12 28 13 53 70 5 77 87
51 38 67 47 98 4 5 59 86 19 84 79 92 69 57 80 69 23 25 97 19 91 56 82 98 35 72 53 51 36 74 54 83 4 87 35 73 70 95 48 90 8 49 28 55 23 91 17 26 65 82 50 50 93 47 43 87 86 66 82 59 7 61 75 45 14 89 9 96 92 19 98 60 63 27 78 63 78 83 55 4 40 36 100 38 88 35 61 65 21 20 57
33 73 82 58 96 61 17 37 3 74 39 44 60 18 3 82 66 46 19 43 16 100 67 69 38 14 22 68 61 17 70 10 22 38 35 2 39 14 60 56 43 18 67 31 86 6 36 97 77 86 42 45 53 15 88 55 52 45 44 1 14 27 54 23 52 72 5 95 27 68 95 33 13 8 76 27 5 100 23 17 22 66 35 97 79 87 6 78 56 65 36 8
46 93 49 86 26 63 50 76 11 54 38 62 67 98 49 8 22 41 70 24 85 70 28 15 3 24 81 41 42 58 74 96 17 91 53 72 72 99 24 72 5 27 71 2 51 88 82 90 10 72 62 38 28 42 95 18 88 21 60 81 94 4 51 86 65 95 5 19 47 7 48 44 75 5 82 63 56 75 83 100 26 88 79 54 35 19 71 87 35 35 59 83
94 1 48 15 86 33 78 22 28 82 36 22 4 26 14 20 56 28 73 97 10 8 14 2 16 77 84 4 94 81 45 48 24 64 76 39 94 45 16 3 70 18 97 27 94 58 17 34 92 93 44 83 16 6 15 41 73 76 51 88 2 40 87 85 74 44 41 48 99 69 24 85 98 75 39 65 36 32 26 25 29 100 87 71 16 93 5 18 96 87 4 57
72 44 52 51 63 93 38 77 75 63 31 19 80 7 27 39 28 51 71 18 75 54 63 17 64 64 67 56 49 67 28 9 13 78 42 57 97 60 97 1 41 81 94 93 50 99 78 19 43 13 46 20 38 95 79 13 46 62 22 42 88 11 8 42 80 65 78 47 27 93 37 86 4 72 70 68 81 100 70 36 42 20 19 23 41 8 79 2 54 26 11 13
50 20 8 33 30 44 38 100 61 97 83 99 99 11 98 26 15 83 62 12 42 14 81 95 18 78 100 56 7 62 96 20 87 2 26 66 74 51 23 62 37 58 4 67 95 29 74 4 22 39 97 68 89 31 69 85 64 25 79 62 17 15 27 56 56 80 52 36 71 51 73 62 62 87 93 89 83 4 3 99 78 20 82 76 53 54 45 47 75 1 67 42
91 82 52 74 61 64 60 20 100 14 16 84 68 64 65 100 84 48 16 69 86 57 19 68 18 27 57 53 19 92 37 35 71 4 2 37 62 57 59 18 66 70 68 25 3 47 18 12 88 90 30 64 56 31 34 50 77 72 57 42 19 52 50 40 28 95 4 53 52 63 39 29 62 80 89 66 72 52 92 73 26 22 13 56 18 86 26 69 21 22 6 41
5 71 11 44 19 24 33 42 43 52 81 34 46 49 16 71 38 100 26 49 9 86 29 46 100 23 10 57 69 34 96 37 67 14 56 70 9 6 74 66 6 37 84 45 9 21 79 61 10 2 74 17 78 15 21 29 2 67 35 99 19 33 74 54 98 99 38 49 64 97 5 36 78 10 11 69 38 77 10 48 83 25 51 43 96 85 46 77 12 79 76 25
78 92 58 13 74 12 56 12 56 16 22 96 4 91 94 15 33 51 30 82 61 84 90 68 52 8 67 46 13 30 3 24 43 31 5 25 17 11 77 40 13 59 61 56 35 98 4 36 90 70 1 11 52 99 92 64 14 36 75 90 69 86 65 77 41 95 13 62 65 99 63 57 11 20 65 93 71 43 6 53 12 79 57 17 33 16 66 18 80 8 71 64
6 46 78 33 80 41 6 13 94 5 26 10 31 70 8 11 50 31 95 34 49 49 14 40 44 30 69 63 66 86 17 45 69 15 79 87 1 29 97 2 73 1 15 3 28 30 82 91 84 10 51 43 69 40 24 64 90 60 48 74 37 85 26 4 26 45 86 69 96 23 82 5 85 91 33 37 65 51 98 57 79 30 40 20 14 100 39 57 4 32 16 35
20 85 10 84 10 93 27 10 66 86 53 73 21 45 38 56 63 97 38 75 86 94 42 64 39 67 60 98 20 51 8 83 59 100 92 73 40 14 7 24 27 23 45 20 73 75 24 21 22 89 4 20 85 47 47 98 33 41 96 9 48 2 71 4 51 12 86 14 79 35 69 11 81 94 50 52 66 99 16 14 62 34 67 67 68 5 33 2 11 36 61 54
51 15 4 40 63 44 38 36 29 34 5 69 26 100 19 33 83 5 96 89 79 100 24 1 83 28 96 51 28 92 23 91 77 99 34 3 28 21 6 16 56 75 16 89 8 90 33 47 88 75 29 14 78 63 79 88 89 44 1 10 24 36 96 35 87 24 9 71 81 30 80 81 51 17 72 19 54 29 44 9 97 55 54 37 69 75 3 35 19 60 64 6
29 86 77 69 25 71 67 64 73 65 47 4 35 44 39 66 36 32 31 85 2 63 97 75 55 26 85 90 72 94 65 76 63 4 61 53 98 83 96 10 26 36 15 85 97 60 76 61 78 75 32 81 47 68 90 1 13 57 62 51 98 3 23 83 97 35 59 90 29 72 25 5 25 75 1 6 16 69 78 16 56 94 6 55 38 33 28 85 52 57 20 77
29 80 41 90 75 20 15 31 85 5 13 65 22 56 25 19 93 6 50 69 72 7 32 45 88 1 29 66 15 89 49 47 47 99 26 72 73 33 88 54 11 29 25 22 43 65 33 46 25 68 42 9 21 55 99 87 40 55 64 9 74 64 47 32 7 40 16 50 8 8 66 55 81 65 90 48 61 50 86 46 55 88 86 75 78 48 3 18 25 90 68 82
23 100 24 84 83 50 56 15 27 38 5 46 34 65 71 21 36 52 1 69 6 67 41 100 13 49 95 6 43 89 9 40 82 18 27 81 79 67 44 3 57 15 62 57 73 80 41 91 39 39 24 7 7 49 17 44 91 98 56 42 53 65 47 47 62 5 63 82 77 65 28 23 31 48 72 57 96 57 84 2 28 22 68 65 24 20 62 89 77 96 58 82
69 83 75 10 76 13 91 37 99 54 46 50 36 38 84 38 31 83 2 26 2 36 32 26 13 76 33 28 51 87 73 49 54 91 26 26 90 88 42 32 89 59 26 36 51 73 32 46 15 57 43 48 63 29 1 39 58 40 15 68 16 13 32 71 40 76 73 12 60 67 38 79 8 9 10 70 11 74 61 15 7 96 16 52 8 31 100 69 40 4 70 37
86 87 55 88 16 77 47 84 24 85 26 51 88 59 46 65 35 40 95 5 97 20 36 81 23 31 67 48 50 58 9 66 5 69 91 81 73 32 40 86 47 100 1 69 9 70 87 71 63 99 11 7 46 31 58 19 19 10 51 26 57 41 71 56 29 41 3 56 28 91 31 48 20 64 26 56 96 69 94 86 35 19 99 86 49 100 92 62 72 10 84 38
75 20 70 96 44 46 83 33 2 34 45 47 94 7 29 10 21 68 62 45 73 72 33 18 38 58 59 28 29 60 91 63 39 75 90 9 94 65 89 90 69 28 68 100 20 9 62 14 56 29 89 53 46 25 33 21 16 58 69 51 29 12 11 65 16 35 75 19 17 40 92 4 14 47 1 17 6 47 60 32 48 83 85 5 15 10 14 14 15 7 56 19
85 51 7 46 47 87 36 89 88 73 50 43 28 12 60 4 29 71 4 22 10 65 83 25 75 14 67 4 62 28 58 69 98 93 8 100 59 2 40 8 15 93 73 11 22 18 98 37 78 54 14 97 42 93 4 13 18 3 27 5 16 38 69 11 36 33 7 7 20 19 50 100 75 51 66 4 65 24 38 39 20 30 17 48 72 38 38 45 63 93 16 50
52 94 86 13 33 57 94 40 89 22 95 45 49 15 84 45 89 77 93 61 32 100 83 50 92 97 64 77 78 11 48 20 23 49 36 38 100 81 78 45 14 22 50 14 84 64 54 11 7 10 89 72 33 15 63 98 60 24 18 37 20 79 9 81 72 13 7 35 7 66 36 28 56 48 78 13 57 79 73 7 66 29 27 20 19 50 19 74 73 84 96 94
85 86 100 40 69 4 37 6 98 45 30 56 25 48 22 51 25 44 60 12 88 9 51 87 9 17 14 66 37 27 32 70 96 7 48 68 79 86 73 36 97 41 18 9 28 23 10 69 20 65 80 1 59 88 83 6 73 38 86 68 44 82 60 61 64 32 24 18 91 22 77 36 33 39 79 75 72 38 3 41 84 31 65 11 91 44 4 10 53 32 36 46
38 17 49 36 85 65 47 71 53 71 33 60 93 94 38 42 35 57 49 23 71 48 45 75 19 93 32 76 26 91 87 83 12 85 20 29 67 3 53 65 27 90 19 36 74 19 36 7 44 21 74 78 95 61 97 47 46 39 33 55 49 35 71 79 55 99 44 82 58 70 57 77 93 35 62 33 12 46 26 41 53 41 8 30 8 63 55 57 31 23 78 54
16 9 31 49 62 99 39 41 76 58 10 69 19 30 61 2 34 74 7 52 26 15 53 58 52 6 87 47 7 42 97 14 16 49 84 13 11 74 97 13 66 37 14 16 6 84 22 8 3 10 21 57 55 15 60 90 50 17 71 86 11 52 54 28 89 82 91 23 50 90 41 94 57 32 27 27 2 94 16 35 84 40 52 35 30 72 64 7 22 49 29 87
90 89 74 80 73 9 57 69 51 89 17 86 1 88 50 45 4 17 14 1 85 15 58 86 78 52 61 82 66 65 7 88 88 27 15 32 43 54 83 28 86 44 59 63 45 78 38 57 13 26 38 36 95 46 42 71 72 98 95 86 45 41 5 83 31 70 62 93 75 59 91 76 15 29 3 54 26 45 26 18 47 35 11 36 33 50 100 18 11 1 37 23
82 100 59 8 87 79 4 92 79 30 30 2 45 81 24 28 26 58 70 43 3 13 2 16 24 8 67 4 84 67 68 41 22 68 29 85 96 95 72 85 82 94 80 55 59 21 44 2 22 6 56 12 14 65 62 38 69 92 13 22 11 11 57 11 67 69 88 15 55 80 37 63 43 55 95 21 98 86 29 12 75 68 39 71 73 15 43 33 86 54 1 88
75 26 17 31 67 39 15 29 56 98 62 69 32 86 84 42 23 87 40 31 28 8 69 59 53 31 50 16 54 75 15 67 38 36 14 94 68 28 86 56 30 47 70 3 76 79 34 80 93 8 15 88 39 44 26 36 82 3 93 29 5 39 55 88 6 83 72 74 42 83 61 35 57 6 3 75 1 38 76 51 51 30 96 87 59 62 16 6 52 16 5 35
60 97 85 55 90 24 100 86 94 41 34 48 87 65 6 11 83 67 56 26 47 23 34 76 12 4 23 64 6 93 91 34 5 8 49 59 78 89 30 96 57 22 87 35 45 55 7 95 8 19 32 3 99 20 85 91 72 90 85 36 41 8 4 31 66 20 89 25 43 30 78 87 85 85 26 23 52 91 56 60 63 80 52 6 88 50 37 34 72 29 100 4
51 70 74 2 52 6 42 38 31 24 31 7 96 35 48 97 61 34 62 31 89 28 74 31 31 48 61 61 27 49 68 91 79 78 27 41 55 55 85 86 89 29 76 16 92 65 97 55 19 1 1 85 6 27 16 98 7 88 37 16 38 50 2 43 4 80 32 98 78 5 28 15 3 60 15 54 61 88 42 65 79 76 21 32 96 96 2 38 12 69 2 9
47 32 32 41 5 12 26 21 7 2 47 88 9 77 14 25 66 44 52 52 53 93 95 83 90 53 84 17 54 13 6 22 41 72 41 88 55 3 48 50 17 95 25 11 35 48 87 27 45 29 98 24 40 49 53 93 53 98 62 5 13 52 44 4 33 74 11 88 62 91 58 100 76 81 43 51 63 9 54 69 8 24 85 24 88 1 27 79 84 85 29 50
61 15 5 44 34 94 75 25 32 44 33 36 54 16 87 84 31 73 11 21 98 21 20 12 2 56 74 82 66 93 12 37 65 6 28 89 93 67 69 39 39 19 47 64 53 4 36 14 49 79 12 84 52 45 25 18 87 21 3 45 35 51 20 54 85 70 71 95 18 9 8 15 7 35 74 1 52 86 11 13 57 78 66 21 59 5 55 12 6 47 8 61
28 3 84 19 95 18 25 98 90 77 84 10 98 19 85 99 65 15 78 99 90 100 27 38 16 85 67 78 46 17 84 78 67 31 10 78 3 69 40 56 99 3 88 75 84 25 74 47 16 28 9 14 74 64 19 4 45 68 100 51 45 7 35 18 39 99 50 49 96 77 37 22 73 99 2 9 11 43 97 88 48 89 93 74 8 13 80 31 88 64 14 29
34 71 92 13 77 44 45 55 66 32 74 65 93 85 10 41 24 99 77 28 96 99 84 71 88 36 7 34 28 59 54 96 95 21 67 60 27 48 100 16 16 44 18 93 25 27 35 44 80 4 18 33 48 71 94 31 41 50 18 56 18 96 45 13 89 68 66 87 86 98 49 66 36 28 3 25 29 18 92 47 24 78 100 83 86 43 97 91 23 41 53 16
22 38 23 78 99 28 64 4 22 1 40 34 22 48 35 32 23 72 40 81 99 72 34 63 29 95 47 29 81 28 40 7 32 46 66 60 95 72 16 42 100 97 83 85 87 64 8 15 22 56 3 80 20 56 75 66 32 27 10 20 69 72 29 71 83 82 73 15 60 64 62 6 8 57 74 4 36 20 46 75 21 89 47 95 85 25 41 86 56 76 38 93
62 99 11 24 5 15 50 95 28 49 81 52 20 49 1 71 87 38 23 6 52 87 83 92 30 47 75 85 32 60 27 64 66 59 66 31 46 38 23 57 23 28 72 82 64 92 5 16 49 40 29 83 80 61 70 53 79 24 53 82 36 22 94 16 35 40 15 95 64 91 9 57 55 88 76 9 82 83 67 99 36 36 48 49 28 20 7 99 58 23 27 39
19 78 88 73 34 91 77 63 65 14 36 41 8 48 71 55 9 62 3 83 19 93 13 29 22 91 9 4 81 43 43 50 57 60 88 31 75 34 43 10 34 18 41 49 32 93 8 88 52 41 46 1 18 9 100 20 80 92 91 20 5 89 92 72 97 92 100 30 46 2 63 57 56 88 4 78 61 72 1 90 48 17 79 100 45 14 100 69 74 70 74 30
47 99 65 84 69 17 98 66 41 54 88 26 72 56 40 36 39 10 25 26 74 53 37 62 88 37 47 45 84 40 30 21 85 99 74 77 49 13 13 20 69 86 2 41 2 93 53 91 88 20 40 17 46 99 98 98 74 49 39 49 33 76 41 30 68 15 31 42 59 30 49 6 53 56 25 28 1 31 6 38 61 39 40 65 42 43 37 35 65 57 76 11
51 52 69 86 85 2 35 55 14 12 71 25 23 33 58 4 32 21 97 15 58 18 26 13 64 48 71 77 48 64 41 57 66 43 77 41 84 63 8 28 30 4 36 25 54 55 27 98 76 81 30 59 47 64 99 55 60 36 45 57 17 26 58 7 3 83 95 82 17 30 2 39 55 84 30 77 31 78 93 21 69 82 60 4 80 55 65 2 62 37 35 6
64 89 95 87 18 40 48 1 90 94 90 47 62 82 69 46 66 87 50 13 20 25 53 97 28 6 21 75 24 49 28 34 7 9 51 39 45 21 32 63 44 73 26 2 56 31 32 70 80 94 100 44 1 85 35 29 93 92 67 32 92 8 18 2 32 34 17 24 13 48 93 1 12 45 50 22 16 73 8 96 23 1 68 91 56 66 50 74 55 98 5 43
62 64 80 21 65 45 27 3 11 33 30 1 92 38 57 10 27 28 24 5 74 89 13 77 89 8 67 9 82 97 41 67 66 78 54 92 82 2 49 49 17 77 74 82 27 50 70 34 59 58 34 8 99 26 28 75 99 45 71 42 98 29 66 95 71 1 76 63 52 88 89 95 60 66 30 92 11 50 24 15 80 86 41 20 18 97 56 34 3 78 4 16
47 54 24 58 17 37 44 15 89 52 61 39 53 28 86 15 63 42 13 93 16 94 25 1 78 79 70 36 64 51 87 56 1 67 54 61 76 56 55 80 29 86 48 3 97 76 9 49 84 93 97 10 98 59 26 84 88 59 4 79 47 66 73 85 21 96 5 45 72 32 14 26 57 1 60 92 62 73 78 33 2 73 26 80 68 14 84 37 88 64 22 50
59 6 10 3 15 13 45 30 64 15 22 32 52 97 93 33 64 54 24 10 69 90 46 59 15 59 79 3 45 97 44 58 85 34 30 77 71 86 72 44 62 12 7 94 29 26 32 31 47 27 85 16 42 15 73 62 22 13 56 74 54 87 32 16 89 100 60 60 53 4 19 3 62 54 89 66 79 64 4 66 71 1 79 52 56 30 30 13 31 39 86 42
95 42 58 40 67 75 93 95 21 100 98 22 24 60 23 18 79 24 15 39 84 89 97 72 47 82 28 36 50 97 48 22 90 6 10 61 48 87 91 32 91 67 89 97 52 94 32 5 88 38 77 66 26 31 89 14 3 99 38 90 24 74 7 68 13 94 28 30 45 7 50 9 82 75 50 50 48 46 98 53 94 26 29 14 74 14 18 54 48 38 45 61
72 68 42 7 97 34 62 27 89 17 90 18 66 25 34 31 20 29 72 6 11 15 3 92 76 47 39 42 27 79 54 62 3 79 44 95 19 18 10 52 25 55 18 21 62 92 8 63 8 60 30 31 41 80 52 55 21 73 23 98 79 90 89 11 42 28 82 49 45 51 8 35 59 49 66 37 43 51 72 92 64 85 8 69 52 33 82 6 23 11 12 14
46 63 86 77 74 41 70 64 22 13 64 25 57 100 36 19 52 92 9 67 60 97 74 49 83 100 85 87 41 9 71 2 12 91 1 29 99 42 59 52 42 55 44 2 11 63 47 37 89 40 14 73 100 4 58 25 17 56 88 39 34 86 56 38 31 41 21 54 89 96 53 34 50 94 77 8 26 47 70 96 3 76 4 13 44 13 10 1 29 10 23 43
3 56 78 25 49 2 76 29 65 35 45 85 81 54 84 33 42 98 21 67 26 69 59 23 32 23 60 94 63 87 11 61 58 12 72 38 68 64 26 97 48 43 39 56 81 72 79 61 26 82 4 18 10 100 81 99 48 72 78 77 63 82 46 70 38 41 39 69 76 71 13 54 16 64 62 47 21 36 58 7 70 71 55 9 70 91 21 5 52 65 22 4
47 82 24 53 11 84 40 49 4 50 22 16 62 2 28 14 16 100 82 72 97 47 6 99 40 93 68 21 92 38 6 17 8 41 12 54 95 49 28 99 48 44 85 80 54 38 43 31 96 53 92 59 57 86 92 51 23 10 10 75 91 56 55 85 3 73 84 59 17 70 76 43 46 19 97 37 63 30 75 21 100 16 68 47 61 98 71 41 15 79 84 82
21 96 73 38 97 36 97 80 55 53 6 45 66 42 100 91 77 82 57 81 40 59 78 51 20 14 79 15 30 4 10 64 8 18 79 86 73 33 69 80 20 1 58 79 28 41 46 12 61 84 4 82 44 1 62 91 26 54 64 26 29 88 24 83 36 12 11 48 46 23 33 60 98 62 4 27 19 65 13 75 81 51 96 48 26 79 11 48 76 32 98 2
55 19 29 36 42 29 82 52 23 13 16 53 24 5 62 62 69 24 99 65 84 38 59 59 70 9 31 45 99 24 72 39 28 3 64 40 68 68 65 39 82 51 40 15 92 89 31 10 21 43 65 73 93 52 89 49 3 49 74 66 25 95 19 27 79 17 28 22 72 40 34 96 62 69 49 50 40 51 1 52 90 79 59 1 35 2 20 36 1 59 2 72
54 73 36 100 92 34 72 100 17 42 14 20 1 30 91 33 22 11 50 42 19 46 12 29 48 53 22 58 99 2 72 79 87 70 89 28 39 54 56 7 83 67 95 8 92 55 62 69 91 80 96 58 91 55 40 57 21 46 32 30 82 7 88 59 29 63 27 80 63 96 20 27 85 32 17 28 81 100 98 18 10 18 58 95 95 5 100 46 8 84 51 95
61 95 50 17 67 38 69 4 55 10 35 71 29 16 36 36 99 72 46 27 60 69 82 46 63 42 92 13 79 42 43 98 44 44 69 29 92 47 6 92 90 10 61 74 53 64 48 31 68 8 99 58 75 81 61 25 100 5 73 51 90 17 97 12 56 43 25 2 46 65 20 9 1 64 48 23 46 85 53 63 11 81 58 97 47 9 69 96 90 9 87 82
87 71 18 91 90 35 14 43 87 51 100 68 36 66 1 18 88 79 98 87 19 98 51 43 7 92 91 5 28 46 33 35 36 49 3 97 90 14 90 2 6 35 32 100 10 68 71 39 57 90 43 41 59 89 100 2 35 13 87 37 26 92 8 5 93 92 41 28 31 75 99 81 26 9 4 45 73 30 86 93 35 97 70 44 24 74 57 23 63 87 15 39
20 39 10 68 21 78 67 81 26 81 38 20 54 51 80 46 32 94 67 36 62 26 71 39 61 77 94 97 26 31 43 89 13 27 61 5 69 95 8 14 4 99 54 67 27 37 27 33 55 81 41 8 80 9 71 19 5 17 92 90 85 52 52 46 98 84 33 28 81 41 67 81 63 49 95 6 12 40 18 53 67 12 23 65 7 45 24 49 26 98 36 76
36 22 44 7 56 72 31 17 25 70 16 75 13 33 74 22 40 91 44 34 68 48 81 61 53 25 45 92 61 95 21 100 32 61 69 69 61 8 56 82 50 1 66 69 70 62 88 2 73 66 46 12 89 53 12 6 70 56 59 99 87 88 23 53 74 92 16 12 94 61 51 83 83 36 28 21 44 79 23 20 63 74 5 36 99 66 31 4 8 100 90 27
17 46 68 22 49 23 7 91 19 36 65 88 83 84 7 19 40 54 49 52 4 22 54 74 6 58 10 7 70 1 26 71 78 58 74 97 13 76 97 52 91 83 38 86 35 20 15 3 47 84 65 58 74 61 34 69 84 99 93 84 36 43 5 82 79 46 60 53 99 66 19 58 44 6 75 10 8 50 69 100 59 71 82 48 14 66 19 97 44 25 65 54
14 24 66 76 52 64 10 99 3 63 59 31 77 20 86 6 53 35 93 25 67 38 28 78 62 9 8 27 81 94 82 100 50 64 67 76 1 67 24 70 92 17 91 25 64 14 87 92 57 95 23 94 1 30 27 41 69 63 64 50 97 83 91 34 75 29 41 94 31 87 15 31 83 40 35 41 36 24 97 63 23 17 22 40 3 54 18 2 80 55 97 54
36 44 91 21 82 60 91 59 21 66 12 46 58 97 46 34 31 67 32 77 39 44 60 94 21 47 41 17 24 55 19 16 7 47 61 14 13 30 42 87 69 86 72 65 31 7 6 7 80 64 16 72 65 44 53 88 39 58 63 22 63 72 82 51 11 87 80 40 70 68 57 99 51 19 92 100 21 19 3 9 79 63 90 21 52 93 3 4 7 9 54 31
93 66 92 93 72 41 60 31 60 12 84 17 90 40 10 22 75 48 5 93 27 8 17 96 81 59 24 84 48 95 89 67 2 91 19 84 35 83 50 78 46 94 28 88 22 86 40 5 1 14 61 88 55 83 47 56 75 97 84 40 64 53 11 39 20 54 8 36 60 6 16 26 73 29 60 64 38 53 99 89 52 98 18 12 76 34 78 68 26 1 41 36
19 19 70 66 26 69 85 54 89 18 47 45 93 79 37 47 82 14 96 60 94 71 98 5 42 33 23 34 3 5 52 66 36 69 86 92 78 9 35 43 18 54 98 30 68 51 66 80 94 26 90 44 68 66 22 29 57 19 16 38 36 96 99 73 87 43 46 79 74 15 45 38 48 8 6 12 43 36 27 14 60 94 74 45 55 75 35 98 94 87 78 26
66 36 39 48 29 83 47 52 83 12 44 100 100 39 82 71 43 23 95 52 83 50 19 14 51 64 48 12 66 43 53 33 47 27 2 49 76 3 85 42 46 25 61 19 50 5 22 74 4 62 71 69 31 82 81 56 18 65 49 35 68 22 18 38 92 87 26 14 21 40 64 92 69 68 32 26 53 41 88 19 38 43 75 47 68 52 69 39 55 68 72 76
71 38 5 59 74 49 60 63 42 64 38 63 77 42 40 89 19 46 51 97 77 47 19 33 40 28 51 77 83 25 58 75 60 87 86 47 18 95 27 56 68 22 85 12 18 41 45 11 10 98 50 3 27 75 37 36 1 5 36 85 38 2 45 60 5 65 68 45 86 89 52 66 63 94 88 99 83 65 55 70 62 62 47 95 90 53 24 17 66 79 41 6
37 100 77 85 55 67 4 45 75 22 32 86 62 4 100 95 1 75 50 28 61 40 78 26 39 32 26 6 24 70 66 79 77 11 20 34 91 72 87 36 71 49 92 3 66 73 3 66 9 62 98 89 53 81 37 86 80 19 98 16 56 88 13 62 30 34 12 60 76 66 87 44 16 5 64 41 79 39 12 58 19 79 6 99 66 11 42 54 21 51 26 54
