90 53 48 13 30 77 9 4 58 84 34 67 58 87 12 6 82 15 10 39 93 99 32 89 20 73 81 47 25 22 18 46 49 29 44 22 71 96 22 10 10 43 44 59 82 46 82 93 88 75
74 10 39 7 7 9 48 69 69 18 90 81 71 13 56 98 90 94 4 96 18 100 77 56 25 5 47 97 35 92 78 28 75 98 35 61 73 49 10 24 41 76 83 46 31 25 76 9 97 73
5 12 65 66 56 28 6 42 28 1 11 63 70 87 25 32 7 12 55 72 55 63 85 72 50 36 52 11 19 26 95 97 80 57 62 84 31 40 2 2 65 28 70 65 41 19 89 57 73 54
27 60 71 1 55 12 49 35 23 80 38 67 100 46 82 79 86 50 16 8 54 47 9 71 98 84 86 97 73 92 69 35 29 46 27 14 99 90 4 44 50 18 25 69 44 86 90 87 79 92
14 62 50 93 52 92 93 96 6 12 13 28 78 71 65 24 54 78 94 98 48 97 50 98 48 29 53 24 57 7 50 27 64 34 31 57 34 1 65 71 47 50 29 43 46 53 59 17 57 63
65 40 94 56 88 36 3 62 30 75 46 60 29 14 92 62 74 81 22 36 22 20 17 80 42 31 42 76 85 43 23 97 80 47 17 23 81 55 16 58 1 64 90 82 88 6 64 24 34 65
21 49 17 32 78 49 94 79 4 19 9 20 47 49 100 61 56 83 98 28 40 77 61 29 70 83 64 28 1 24 29 33 4 75 41 54 100 97 99 56 30 41 29 74 10 38 55 89 49 65
89 9 40 89 98 82 57 89 44 84 47 10 47 80 11 32 67 68 40 45 40 72 12 4 83 30 5 13 47 18 61 95 53 95 90 33 65 52 26 38 59 15 84 9 15 49 10 33 9 60
34 77 91 30 58 10 61 91 52 4 61 77 74 87 49 87 97 80 8 30 20 96 33 25 79 55 28 48 49 38 17 72 46 61 71 85 26 22 35 92 3 96 86 22 47 9 22 47 56 28
4 61 79 69 37 54 98 94 23 32 6 29 82 2 81 75 88 70 31 47 26 39 83 46 4 77 7 67 4 76 68 28 84 42 99 72 80 76 53 83 9 28 37 17 28 6 8 75 59 79
82 16 83 49 41 32 43 30 72 62 42 59 34 84 7 93 81 85 48 47 60 77 39 30 41 50 96 40 16 15 44 93 34 71 95 9 39 22 36 91 61 25 24 16 78 62 43 62 98 93
71 25 57 94 27 20 41 20 87 66 14 26 100 15 77 27 56 91 49 86 93 23 85 50 34 83 44 87 60 7 48 50 71 49 100 9 47 68 1 68 7 72 66 61 57 100 59 24 39 83
62 15 96 29 73 53 21 63 59 4 76 43 82 66 87 78 44 7 92 11 5 68 60 25 23 34 56 75 57 25 16 9 92 33 27 74 73 69 9 88 94 83 77 30 49 13 50 19 15 63
34 92 20 100 1 96 55 54 75 2 46 45 23 24 85 2 100 68 99 12 57 77 69 80 86 67 66 58 73 94 42 98 10 47 76 76 43 46 66 36 73 50 1 67 89 92 97 76 68 41
36 71 83 66 5 4 95 31 70 46 63 69 45 18 24 86 44 50 66 18 23 35 90 41 23 69 61 86 75 97 67 73 43 18 5 59 5 17 48 16 30 63 31 84 87 99 17 35 41 64
34 46 17 100 27 10 36 74 95 61 96 53 96 65 29 52 16 58 81 15 59 57 36 8 76 20 27 48 35 28 24 20 61 90 42 100 63 59 42 99 35 65 79 9 47 71 50 68 29 56
15 10 88 37 26 67 18 59 67 85 81 88 41 3 28 84 80 69 38 18 80 66 83 92 81 29 71 48 93 49 65 86 97 23 97 60 37 20 2 20 67 44 25 6 48 73 84 7 82 34
96 58 22 16 54 69 36 29 22 12 6 15 78 86 36 79 14 49 33 64 84 16 68 12 17 52 20 36 18 71 68 53 81 4 19 61 42 97 28 14 54 12 52 51 67 67 87 56 85 39
49 35 66 73 65 25 90 46 80 84 37 62 98 59 33 19 13 34 81 80 30 23 30 99 31 76 17 37 16 47 31 32 100 41 84 38 14 36 61 75 54 13 22 70 7 50 5 32 68 37
57 3 34 15 99 74 2 57 95 72 80 93 39 46 26 26 69 37 77 75 4 14 29 90 17 62 43 69 60 43 73 37 93 69 57 82 75 62 83 97 52 87 70 45 26 60 43 81 52 20
60 52 93 89 17 86 30 85 15 53 25 16 40 79 26 43 18 71 44 91 50 87 19 13 55 98 58 12 65 84 57 14 51 82 72 7 14 15 58 65 40 29 36 90 10 44 20 57 18 90
88 19 64 5 64 75 83 42 83 65 21 100 93 85 37 50 19 79 22 5 46 8 57 25 45 51 70 26 10 64 27 48 40 49 8 56 44 55 92 24 76 17 55 70 55 86 18 34 8 10
65 61 14 79 95 28 68 33 84 53 87 68 15 36 49 75 77 64 66 30 63 34 11 16 89 20 32 21 48 83 77 49 54 1 32 39 17 71 98 8 88 97 94 93 25 5 57 84 88 76
28 55 99 81 20 49 81 17 15 17 54 59 30 90 32 53 20 28 85 95 29 61 3 11 30 13 100 57 31 44 3 61 68 87 77 40 41 91 40 75 2 13 88 20 79 55 53 27 57 42
8 56 79 26 43 30 26 60 65 61 68 42 61 92 63 17 82 96 74 78 89 82 81 27 77 11 74 62 14 71 20 14 90 14 11 13 83 86 93 91 95 91 72 33 46 82 65 75 8 79
84 78 17 39 25 27 18 68 66 35 33 21 69 37 3 35 19 88 60 62 85 57 27 34 48 82 79 94 14 22 44 56 66 75 44 56 43 79 26 100 14 32 34 83 75 79 23 90 28 57
27 68 9 74 57 97 54 79 29 57 57 46 71 3 68 47 18 64 31 10 32 50 48 10 55 31 50 23 4 72 94 76 26 26 25 98 67 72 92 19 84 28 42 83 64 5 58 47 69 63
76 24 69 35 23 40 27 67 99 96 20 48 38 75 95 63 79 63 35 97 44 26 34 24 58 16 31 76 92 98 47 23 36 27 9 73 96 57 14 41 35 13 77 70 86 92 56 66 23 95
70 19 37 93 31 78 8 29 72 89 73 53 75 87 48 56 81 94 37 45 61 54 80 41 47 25 35 5 30 69 24 89 11 65 28 18 24 31 97 4 49 31 73 20 94 7 85 4 91 58
29 61 44 15 55 83 31 75 65 32 34 84 53 79 71 92 58 54 95 20 55 53 33 12 69 59 65 25 45 41 78 72 55 70 31 6 74 72 19 46 29 69 49 33 4 63 61 3 20 93
19 98 91 26 78 16 69 38 91 49 95 84 14 9 21 71 77 15 11 90 42 63 6 53 20 100 96 4 17 58 99 74 82 53 78 83 39 35 1 58 27 54 76 93 62 32 52 12 30 53
35 69 76 5 80 8 45 5 89 86 4 90 54 57 7 8 44 86 20 22 91 30 33 14 42 21 73 21 86 2 33 61 92 1 24 29 50 55 23 17 10 49 13 3 19 66 65 86 78 40
36 25 86 2 57 96 88 5 42 49 57 35 53 32 37 91 30 58 11 64 13 47 48 8 78 41 47 90 28 27 76 13 43 87 13 54 70 44 71 58 2 100 98 18 13 80 61 37 4 47
59 39 78 74 22 21 9 92 20 55 80 28 70 29 67 65 37 3 70 80 33 39 14 42 1 74 4 93 34 19 58 51 43 15 72 11 80 30 92 38 56 1 94 27 89 22 85 24 56 55
99 17 20 64 46 67 19 70 48 96 6 26 23 37 11 30 11 92 90 23 53 35 10 14 85 83 99 31 40 25 83 29 67 24 32 39 50 97 85 66 62 42 97 61 75 12 10 47 35 33
16 87 4 59 88 77 31 93 1 35 50 50 72 28 23 79 31 24 35 50 10 61 31 95 37 78 78 91 95 23 97 21 78 31 91 40 29 24 57 74 24 55 79 12 44 30 69 15 9 100
24 97 46 51 24 69 4 14 52 53 32 31 49 96 60 92 59 40 86 57 14 12 58 82 9 22 48 40 40 1 63 33 48 96 35 76 1 1 60 98 79 71 49 88 38 49 25 18 84 73
86 74 8 92 96 19 11 28 5 69 35 32 97 14 27 17 14 24 48 75 27 67 2 74 93 42 52 2 5 26 61 45 83 67 63 83 87 17 12 49 14 52 63 99 94 65 52 92 63 79
78 84 2 41 34 23 43 18 1 27 61 24 37 57 45 89 8 94 79 5 37 94 20 51 51 3 85 5 88 42 81 19 8 42 19 96 87 91 73 25 26 53 46 12 63 50 26 39 72 36
1 74 41 18 81 13 85 86 70 10 70 5 40 90 98 36 80 69 91 75 6 45 32 97 50 28 6 41 68 45 4 14 84 79 79 68 62 23 23 61 39 69 68 33 15 70 26 47 85 81
26 2 97 30 19 4 50 99 11 46 29 98 79 36 6 31 97 78 55 4 11 21 98 72 90 22 45 74 16 49 21 92 98 43 11 49 94 73 46 27 43 27 27 57 40 90 80 94 5 95
57 29 3 29 14 37 64 26 48 88 94 53 11 91 47 92 10 84 68 90 80 18 27 15 81 35 32 23 23 77 49 23 97 30 85 6 56 24 65 41 61 97 26 20 68 55 68 87 92 97
37 62 3 82 71 74 87 66 15 63 64 94 9 79 45 68 53 91 53 90 33 94 82 6 17 41 59 32 85 32 2 52 11 15 70 57 74 23 10 20 84 37 1 47 10 18 56 78 55 62
39 74 8 54 37 67 6 97 78 25 36 57 92 69 37 31 2 21 12 45 63 49 70 35 3 54 17 83 97 75 85 18 60 95 46 1 68 9 72 29 66 52 66 11 62 64 58 88 98 3
29 32 39 85 74 90 41 48 64 20 23 25 22 20 100 2 56 49 69 61 37 85 80 82 5 8 85 7 36 79 29 74 81 85 82 66 48 49 68 42 5 22 80 76 22 54 35 44 93 52
19 76 38 5 37 91 51 1 23 43 92 71 7 1 10 87 73 40 3 50 4 17 92 14 46 7 70 21 88 68 42 78 8 74 93 94 53 3 57 72 42 94 42 10 63 59 18 82 46 67
20 42 77 60 51 88 16 98 96 91 14 43 17 66 90 34 5 7 99 3 31 32 72 68 18 96 62 72 15 61 10 86 34 85 17 86 45 62 94 49 35 44 71 40 66 51 1 46 58 98
50 20 16 14 18 34 62 25 53 85 74 53 87 44 55 74 59 61 81 20 39 37 9 80 61 33 41 59 47 91 1 31 60 7 5 63 52 47 81 51 16 36 25 74 56 38 41 23 91 43
4 74 92 17 26 94 52 83 60 44 24 20 78 70 45 47 84 55 17 33 4 47 46 42 48 62 69 20 50 13 99 62 87 100 75 30 53 29 90 40 96 32 78 73 25 73 24 92 26 93
47 37 80 29 13 63 56 43 1 31 8 97 69 83 58 16 39 100 94 14 91 85 41 45 66 68 29 56 82 55 18 92 56 16 2 17 20 65 14 30 36 40 27 60 94 40 54 35 26 59
