72 82 98 56 9 77 5 54 30 83 52 17 29 10 94 31 25 71 50 52 31 81 2 55 27 45 5 57 77 90 9 20 63 11 85 63 52 74 65 4 53 11 6 57 47 31 13
61 5 87 42 22 90 74 37 73 17 79 3 67 24 49 81 46 80 49 58 66 17 86 55 19 35 90 64 86 43 20 54 34 8 91 83 36 87 70 65 7 72 37 34 21 27 8
30 18 41 8 65 63 38 78 90 93 16 13 11 20 22 8 84 82 98 3 71 90 70 97 83 34 81 68 21 94 71 14 38 77 55 77 42 59 71 2 51 96 60 63 98 88 36
29 99 73 44 48 29 62 16 92 66 12 12 76 17 6 93 100 42 63 14 72 22 16 39 77 66 47 71 66 46 90 99 58 72 28 6 25 49 71 31 63 32 10 100 72 49 16
23 38 96 36 36 39 79 15 23 47 81 93 94 34 60 91 81 6 63 8 33 50 92 2 21 33 94 66 54 60 11 4 11 32 31 10 100 89 14 62 78 11 28 97 47 55 83
6 67 98 22 34 28 76 88 32 90 35 18 71 35 28 29 22 97 45 72 96 17 81 64 76 74 93 35 16 64 91 42 34 90 75 18 33 37 33 86 83 91 42 45 82 88 27
1 85 91 35 82 72 64 57 84 45 25 82 79 26 16 76 21 85 96 82 65 45 66 63 51 40 9 98 44 58 80 100 10 77 38 22 45 96 64 31 74 45 6 53 12 10 54
1 3 82 93 41 74 3 19 22 34 40 70 47 44 43 10 17 55 92 4 94 38 10 81 60 71 74 45 85 23 13 12 64 46 70 35 8 53 96 91 71 74 24 33 29 8 75
48 38 57 50 25 66 100 10 42 53 4 32 60 34 87 99 41 42 100 39 45 9 61 60 45 98 10 40 58 21 76 78 61 7 6 89 56 43 7 22 21 95 17 98 47 32 53
58 98 12 32 13 81 99 1 66 91 14 39 69 2 24 32 83 37 33 25 47 45 46 12 8 44 73 76 85 5 31 25 91 96 29 76 29 56 48 72 2 30 67 54 91 43 14
38 87 88 100 50 38 81 65 99 8 2 87 56 37 7 83 78 84 79 39 57 36 40 16 56 53 26 87 16 48 83 20 38 99 18 79 75 65 61 19 81 34 24 13 20 97 88
78 56 16 13 62 71 72 68 36 89 7 97 15 27 92 31 59 43 80 95 74 93 93 45 25 35 88 84 20 5 33 70 94 41 69 40 98 67 96 27 78 76 94 63 25 45 32
50 58 37 88 28 73 44 78 81 59 62 79 84 99 71 36 8 60 94 87 12 21 2 45 55 17 92 25 48 2 2 3 30 9 14 21 15 83 82 45 81 63 68 77 41 61 49
93 80 79 21 2 72 1 7 43 54 5 89 79 32 3 7 24 29 26 68 54 41 75 99 58 57 43 86 82 63 45 33 28 48 99 40 100 48 95 40 67 89 72 96 89 46 89
70 16 7 96 30 5 83 67 56 46 67 96 78 78 8 65 38 24 33 27 49 9 37 43 69 49 89 26 16 40 56 55 86 51 37 86 93 47 91 95 38 16 35 73 39 30 80
65 60 11 85 45 92 73 30 91 84 61 99 84 26 98 6 25 10 34 95 35 71 92 79 48 65 15 94 72 9 55 83 96 24 92 43 56 93 68 32 16 38 89 78 29 40 94
63 48 80 24 21 83 94 75 87 93 21 69 17 16 5 19 69 37 96 42 79 63 59 57 62 37 45 13 37 73 9 94 46 66 42 88 73 81 62 74 36 31 48 51 73 10 98
53 63 94 12 82 94 59 98 84 92 98 30 79 27 75 23 79 73 69 53 38 91 8 88 79 53 13 73 20 99 40 57 71 25 65 59 29 18 38 76 20 83 97 53 22 22 100
22 87 100 41 41 25 43 84 72 38 42 7 27 87 65 83 37 18 13 75 5 13 70 77 74 61 7 43 67 84 56 16 89 17 54 64 98 96 34 41 17 69 44 83 31 69 69
82 63 88 24 33 68 15 92 99 34 88 3 97 30 28 85 4 44 39 62 32 3 67 39 99 24 66 23 62 54 80 43 36 17 57 16 49 41 96 35 41 34 72 6 82 69 15
66 80 60 66 78 48 1 4 95 17 12 29 69 100 51 93 44 17 38 56 58 11 9 78 61 31 20 25 100 73 26 27 30 70 14 72 95 15 29 68 43 6 87 65 60 47 95
69 84 95 20 26 18 82 15 70 95 60 96 4 52 68 83 25 87 53 21 57 85 16 52 69 92 51 82 37 24 27 93 16 57 30 77 9 30 50 27 92 48 81 13 73 17 91
98 42 83 80 45 61 66 73 60 92 84 96 30 48 32 78 56 95 77 98 74 13 36 85 77 24 34 78 84 46 52 15 2 54 39 39 8 85 99 28 35 51 86 40 39 89 4
34 60 44 13 63 61 30 70 85 29 86 11 3 25 85 10 35 14 2 39 64 91 78 62 98 8 9 94 95 42 6 38 16 60 31 34 27 66 53 81 17 23 6 5 71 68 35
92 91 23 72 10 14 92 33 49 64 3 6 17 51 15 1 71 48 54 12 54 94 83 100 25 45 60 56 99 98 99 24 16 61 91 60 90 50 30 80 36 52 68 70 77 30 42
42 23 1 68 3 77 54 98 69 52 90 42 20 44 38 88 46 92 94 30 2 10 67 89 49 25 98 100 63 52 57 49 23 91 77 49 10 98 84 78 15 30 35 59 6 20 41
22 79 11 91 50 38 76 52 14 17 49 5 5 10 63 80 90 49 73 94 49 17 89 66 4 30 80 80 62 62 25 60 60 22 56 15 46 54 52 93 80 54 55 77 33 68 89
3 40 30 50 44 62 34 83 32 15 3 44 89 3 11 25 2 29 72 21 81 59 89 27 17 28 47 85 73 43 26 4 48 54 100 52 98 68 57 65 47 48 19 49 30 51 39
72 9 55 5 93 39 17 51 5 49 65 39 70 92 23 83 50 62 15 95 35 72 62 97 59 96 50 46 32 84 12 9 48 22 35 37 16 17 2 95 90 11 58 27 20 33 88
2 3 44 2 47 70 55 5 44 37 17 1 27 74 78 79 12 47 59 92 11 34 8 81 76 16 94 46 80 63 21 73 75 44 8 42 82 5 75 84 19 10 57 9 90 58 72
23 54 90 77 63 68 72 11 82 44 49 20 32 95 98 26 3 86 69 5 87 68 69 83 68 53 36 25 96 89 26 95 85 81 28 1 97 64 84 52 19 92 94 36 69 90 35
3 3 75 86 34 54 77 50 34 18 22 37 49 80 70 45 98 94 95 98 94 94 74 47 91 33 55 95 98 97 59 27 52 11 70 65 65 67 17 77 45 45 96 43 43 35 83
12 9 37 91 57 78 41 67 22 63 24 29 52 3 7 46 91 81 11 66 6 73 5 99 59 29 27 5 20 86 62 2 18 19 13 47 52 6 84 96 91 74 74 68 84 60 19
31 79 79 9 17 2 72 4 67 5 21 4 35 76 65 74 59 43 91 89 43 30 81 19 78 20 58 34 1 45 93 97 89 21 8 100 18 87 39 59 12 38 50 55 38 94 92
8 70 27 47 34 96 80 56 50 66 96 55 7 65 89 29 19 52 55 7 99 48 39 86 6 18 5 23 20 52 70 65 64 90 76 78 49 55 5 99 43 28 51 48 62 64 10
30 75 41 15 65 39 72 58 48 1 66 96 32 87 4 10 19 49 19 26 79 59 24 51 21 53 66 25 74 25 75 42 27 64 77 69 15 32 7 58 6 77 43 6 76 7 74
1 81 35 62 59 36 54 24 100 16 53 98 27 87 16 65 62 82 63 4 40 26 37 7 13 92 60 17 51 17 14 42 44 12 27 29 11 95 64 68 68 70 19 85 82 79 67
4 81 65 15 49 86 86 4 38 24 77 92 54 91 87 79 97 87 29 4 41 67 52 20 92 1 7 54 15 41 45 100 49 54 76 92 64 70 64 24 46 85 66 54 88 42 13
49 77 54 33 6 92 46 70 90 9 17 80 86 59 56 72 54 52 69 38 43 26 75 4 51 36 96 91 45 26 52 8 98 77 60 93 74 86 81 1 14 35 11 98 62 59 89
2 2 93 43 24 12 95 78 8 76 21 62 31 66 10 42 51 77 97 87 97 8 50 86 48 73 40 47 18 49 4 66 53 73 78 81 4 40 17 6 58 75 23 42 44 25 85
39 58 37 27 20 33 70 5 62 87 17 4 22 1 86 76 6 88 14 71 35 33 96 76 31 75 53 75 52 11 40 2 41 94 42 34 95 6 2 69 20 2 44 52 70 87 27
27 94 4 95 82 89 10 45 56 28 37 8 81 65 70 9 78 72 58 32 36 81 57 67 2 74 6 5 55 50 57 70 6 70 84 12 34 82 35 37 77 67 75 73 5 27 22
83 65 83 10 23 97 2 75 42 40 96 29 71 72 9 52 27 46 75 60 38 9 80 59 61 7 94 21 73 11 40 36 26 72 62 85 8 44 57 66 9 11 9 45 85 30 75
87 70 81 56 89 98 46 29 15 66 40 80 19 43 27 85 14 15 35 23 18 80 32 70 91 56 84 9 41 24 62 2 58 82 97 70 68 99 74 78 49 18 43 54 98 58 49
45 9 90 94 14 26 53 18 95 53 75 38 51 14 33 66 56 32 87 93 9 53 56 7 51 96 50 42 94 93 29 84 50 6 22 25 39 27 76 52 13 17 30 16 72 18 53
83 78 73 62 63 63 90 87 78 8 23 64 18 90 76 41 14 38 39 47 25 9 17 46 78 50 13 20 16 73 11 91 12 87 72 56 16 29 7 44 98 85 83 19 85 14 83
26 23 21 33 82 31 74 63 61 42 18 9 24 71 5 32 10 81 80 28 46 76 62 69 20 20 94 84 8 67 36 83 24 48 96 21 48 52 72 46 12 85 29 23 2 52 76
