99 36 6 18 94 80 93 47 40 5 7 91 8 86 17 91 29 7 70 44 86 85 46 62 82 37 88 6 56 41 65 79 99 28 2 52 62 21 10 31 35 16 11 53 67 95 72 10 99 73 66 52 24 37 97 12 52 39 34 98 70 24 11 32 39 25 8 39
47 80 75 90 4 75 9 7 15 98 55 63 46 56 43 32 85 34 22 87 64 8 100 53 66 27 63 83 76 93 52 38 49 38 71 67 3 3 10 14 92 54 45 74 47 87 62 62 31 16 62 100 44 49 6 57 7 27 34 98 73 16 39 96 72 44 84 44
96 8 48 73 36 8 54 15 49 48 46 13 100 89 53 89 3 12 21 87 83 90 73 4 77 75 40 86 56 1 21 17 100 77 15 58 8 12 82 39 82 19 70 84 70 70 18 46 10 64 42 3 50 52 39 79 48 68 10 83 69 61 97 33 41 83 67 21
6 69 58 64 90 27 42 53 85 81 52 60 9 45 36 79 29 91 1 67 72 64 46 89 6 26 24 7 49 70 74 48 85 60 43 22 71 90 57 2 60 48 77 34 70 40 32 81 33 94 10 45 10 47 97 100 98 86 94 45 19 93 22 50 85 60 9 1
50 66 51 78 51 91 29 99 67 22 9 14 18 81 21 10 17 80 61 79 93 80 36 45 24 91 37 59 34 66 53 32 47 60 63 59 67 69 90 19 84 80 76 3 56 42 65 42 97 24 79 70 3 53 67 89 23 27 46 58 79 93 20 99 34 36 19 17
18 17 34 48 86 79 86 38 87 14 86 71 55 2 42 32 22 61 21 30 97 20 54 43 78 99 83 62 65 24 10 42 72 72 38 75 2 79 21 42 39 31 7 52 9 93 55 62 76 69 73 86 74 77 5 67 66 89 6 4 80 51 87 89 90 96 66 83
16 94 69 2 56 35 97 96 20 70 49 72 73 72 26 96 87 46 74 28 40 93 33 90 41 2 13 23 95 50 13 87 31 95 92 20 33 72 91 38 36 24 1 27 15 30 21 8 60 37 24 65 60 13 49 71 40 90 71 28 16 15 55 49 35 52 52 63
68 74 74 62 82 98 97 11 77 91 7 56 18 40 85 47 9 36 96 4 11 21 69 8 86 32 70 41 79 81 86 30 90 2 35 66 57 92 50 14 40 100 16 17 60 59 95 58 79 13 22 25 18 84 99 63 29 93 4 86 14 68 96 58 29 92 37 100
90 80 17 30 92 17 57 8 68 14 48 37 24 54 34 91 68 39 50 77 14 89 76 38 34 6 37 38 34 31 2 2 66 9 7 39 7 88 23 7 79 42 45 73 47 40 32 44 46 2 91 32 84 34 13 11 60 57 1 48 35 59 34 70 27 43 55 21
81 32 27 4 31 71 83 19 54 86 82 92 51 30 70 100 7 56 31 21 2 37 69 99 94 70 91 32 59 95 10 48 11 43 61 84 75 37 86 70 99 52 7 30 5 83 40 77 34 96 5 13 18 8 81 10 3 64 40 30 86 16 68 97 31 71 36 9
74 19 90 93 85 28 80 81 11 90 77 77 68 57 29 7 20 67 67 56 78 43 93 53 90 24 55 42 77 59 91 78 88 68 13 12 4 40 52 2 26 96 30 33 12 18 83 78 61 6 32 1 59 49 4 49 60 17 30 45 87 54 11 55 35 81 77 48
62 19 34 26 65 42 33 74 79 31 65 83 63 60 53 27 95 6 84 51 88 54 18 83 67 77 32 80 48 24 68 48 86 20 78 76 83 90 71 20 75 95 25 53 2 21 63 5 24 79 72 13 7 63 77 97 88 26 21 39 35 86 47 67 86 78 39 94
91 87 1 100 53 10 65 38 2 60 32 91 74 74 71 36 75 93 4 67 82 54 63 92 95 26 29 29 44 98 19 66 78 51 55 61 97 42 89 2 48 79 33 35 81 9 27 64 92 12 53 42 72 72 53 71 75 100 5 96 82 63 29 29 93 16 82 23
20 79 48 90 34 62 88 73 13 60 31 91 81 46 41 95 82 85 87 18 94 6 66 90 38 27 40 4 31 19 86 77 86 65 72 17 40 1 39 78 54 56 16 100 29 43 93 57 57 27 3 38 93 78 37 19 4 79 18 54 52 77 19 76 62 56 4 49
10 14 52 65 17 73 87 85 37 75 43 77 97 84 69 32 36 98 85 5 59 42 14 35 66 92 35 21 54 77 26 39 72 39 12 41 94 95 6 62 100 1 28 62 19 15 45 74 53 22 24 87 34 34 99 18 63 84 35 69 34 90 53 87 27 17 25 34
73 51 94 89 58 36 11 35 74 85 21 95 54 71 66 3 47 76 6 44 98 4 71 63 56 29 70 80 94 6 71 37 14 50 83 11 63 49 96 55 15 77 66 81 75 5 23 39 36 80 88 30 15 74 13 15 37 61 100 30 83 60 41 1 63 54 33 53
16 26 35 96 38 88 2 85 20 10 8 82 85 87 63 95 83 86 43 22 11 35 54 99 75 28 64 76 26 8 26 74 14 78 50 78 92 82 20 36 73 13 66 58 25 36 92 37 43 17 100 54 31 19 22 33 74 5 20 72 29 87 42 11 60 35 53 89
26 27 62 68 32 4 14 94 100 88 68 93 64 91 77 34 66 51 29 34 30 40 17 37 80 56 60 98 55 86 5 24 12 70 49 21 46 58 14 75 99 13 25 61 9 40 27 93 88 2 92 99 64 38 2 38 32 73 93 42 1 23 67 95 30 53 77 52
12 79 22 23 100 38 25 64 43 26 87 47 57 79 25 71 75 92 36 24 7 8 22 68 30 13 86 82 24 71 34 46 99 49 96 77 23 47 95 25 22 25 38 62 69 5 49 53 52 92 28 48 33 43 18 75 16 94 95 44 67 56 68 62 54 8 42 16
7 74 70 71 50 80 59 34 90 27 75 65 10 57 71 57 57 14 36 43 47 28 3 52 17 91 32 77 69 41 17 67 78 67 7 91 47 61 74 66 13 28 5 89 91 66 35 61 60 79 1 59 4 53 90 17 25 41 74 38 90 67 65 8 10 80 61 76
55 2 87 74 47 22 92 43 59 57 92 71 47 85 2 81 88 94 33 92 75 94 30 86 42 65 96 73 64 97 18 8 88 10 38 1 54 58 40 9 99 53 87 57 17 96 10 78 52 41 6 1 97 84 74 87 57 71 97 85 41 14 16 64 62 63 26 9
96 5 80 3 26 74 42 50 28 16 84 41 24 25 100 61 18 5 79 31 32 54 58 84 25 73 30 86 37 15 24 4 34 60 21 29 88 33 93 13 20 13 27 89 52 78 90 42 48 88 53 33 94 26 27 32 42 14 86 6 61 25 7 62 81 27 11 92
8 84 22 64 23 14 37 39 66 3 57 62 35 23 44 33 59 85 62 78 39 81 44 77 32 60 43 96 58 51 41 12 55 95 34 77 81 10 99 16 99 43 62 92 18 44 79 23 21 27 84 25 83 55 100 69 47 19 50 72 44 87 43 5 28 4 75 74
38 86 53 93 57 71 87 98 81 92 8 61 52 92 19 89 30 28 12 13 13 91 56 34 77 76 40 95 92 1 49 7 98 83 48 82 89 50 62 85 18 92 80 14 85 34 43 8 75 85 88 98 78 50 24 49 58 5 80 8 13 52 85 14 40 60 76 15
84 84 29 62 1 37 33 87 66 42 57 13 15 16 29 93 93 59 96 82 38 53 45 27 14 19 11 32 43 81 57 86 29 69 85 58 90 72 57 33 22 34 56 97 59 61 24 74 69 70 14 53 82 94 28 47 26 5 37 98 78 81 19 93 72 66 51 75
58 30 69 67 59 51 6 98 50 53 44 56 23 85 10 10 72 75 19 66 94 18 50 12 77 77 62 70 75 74 31 72 56 62 10 36 14 7 97 18 46 95 15 51 64 22 31 64 51 28 28 28 21 18 57 57 17 36 78 70 16 17 76 59 3 88 37 6
64 39 90 9 52 3 9 56 75 61 65 80 35 73 56 52 79 17 62 60 30 89 30 100 12 90 42 14 14 97 78 47 20 88 44 8 5 39 96 70 29 20 48 65 69 18 88 43 11 48 82 5 82 99 3 64 80 39 55 77 99 73 4 65 62 10 46 88
3 94 64 35 4 59 48 80 84 16 64 83 40 38 18 91 1 46 20 34 43 16 98 72 68 95 46 75 81 79 32 67 3 57 84 6 18 62 30 100 52 43 12 79 18 49 1 15 29 41 73 27 78 4 21 100 13 27 7 64 24 11 98 31 16 89 22 87
97 68 67 100 15 38 51 9 12 77 27 19 41 85 65 23 57 67 76 57 11 51 23 71 77 28 2 81 51 6 82 76 47 5 97 74 90 100 70 87 17 62 20 13 64 10 15 5 37 83 5 90 73 27 17 79 96 72 18 17 57 1 12 52 50 84 64 94
91 69 85 35 35 81 94 2 16 57 89 76 7 33 69 69 77 89 55 47 7 43 66 19 38 49 73 73 47 32 73 31 90 34 98 86 26 63 69 22 82 40 36 89 41 6 91 51 50 74 51 30 39 37 66 19 25 85 33 62 29 9 11 33 23 92 95 13
17 48 48 55 59 12 66 77 10 44 43 84 32 13 86 31 81 79 5 36 83 28 73 97 54 92 83 97 35 85 20 31 83 96 48 30 72 53 82 69 18 17 37 80 43 14 7 59 2 61 13 97 18 30 39 62 8 43 32 80 72 5 19 82 35 92 82 6
100 44 88 77 96 89 34 41 68 43 35 77 64 72 19 85 99 100 84 96 57 16 6 49 43 93 23 2 94 65 7 15 58 3 88 63 78 35 86 37 26 79 67 43 63 2 83 61 6 28 60 42 16 78 94 37 74 93 51 56 89 39 27 76 86 20 40 17
69 48 57 71 95 22 84 68 89 52 15 66 28 84 56 69 37 94 12 68 57 87 78 22 33 88 41 64 46 46 38 29 44 55 17 12 6 51 8 35 32 47 75 38 42 56 83 84 39 92 98 7 38 90 76 23 30 81 63 15 38 13 88 37 89 15 26 2
100 58 45 89 74 32 21 42 80 41 3 40 3 82 21 94 13 89 11 75 41 50 99 97 34 47 46 94 60 76 88 29 56 18 91 48 75 91 56 19 62 27 71 17 7 84 82 94 14 58 50 2 87 66 51 99 41 54 67 31 16 42 22 41 85 43 34 87
28 12 56 47 57 22 29 73 66 67 78 8 55 26 4 63 38 64 80 90 67 92 51 55 60 94 58 93 66 58 38 12 57 6 20 46 63 55 82 26 32 14 51 72 54 44 70 54 33 57 82 23 7 44 6 42 21 4 22 80 7 7 39 37 99 86 90 82
68 74 90 57 63 41 34 96 7 7 46 35 29 84 94 13 99 70 33 90 37 25 38 62 28 18 22 44 34 44 52 8 75 25 83 71 36 4 21 98 54 46 19 89 23 87 98 59 10 17 94 72 7 20 65 37 60 26 8 71 100 47 4 59 11 5 61 54
40 98 2 55 24 2 64 32 97 99 94 14 82 45 54 55 18 73 68 30 90 33 86 77 49 41 9 53 90 83 58 31 100 44 65 27 31 63 4 68 21 7 24 82 28 93 33 94 62 81 41 96 71 13 17 99 80 97 14 39 14 82 68 28 98 42 1 97
46 50 93 61 77 6 78 65 15 72 36 75 90 35 16 19 50 61 17 42 13 34 55 49 11 45 87 22 37 20 17 88 21 59 83 46 79 16 91 4 25 12 4 90 15 83 84 39 26 23 4 68 72 61 97 84 49 81 95 69 42 93 85 93 45 86 78 88
85 38 69 7 64 33 64 76 79 41 41 50 86 73 22 25 37 28 23 56 12 94 57 77 89 72 26 71 25 7 13 31 65 88 22 22 98 4 27 4 89 8 79 74 2 17 62 86 75 4 26 13 69 63 78 15 5 65 17 30 24 97 96 7 50 18 75 62
5 96 54 52 49 87 16 79 51 71 2 19 41 92 43 87 52 22 43 35 24 75 54 92 30 19 67 51 44 57 46 78 95 68 84 21 3 26 69 61 70 40 48 24 48 35 21 90 27 35 1 76 43 70 48 79 21 57 61 57 32 80 12 42 90 38 34 15
62 21 50 29 91 63 27 88 89 13 56 8 24 53 47 54 34 44 86 56 47 54 100 29 13 89 55 12 68 58 12 53 93 93 64 49 14 61 28 2 63 4 5 47 2 94 80 87 96 6 50 50 32 62 20 58 54 19 95 46 56 1 83 33 49 99 87 50
28 8 42 75 5 24 81 63 72 65 53 48 67 21 16 61 94 78 25 17 87 59 47 33 74 46 70 29 34 16 55 18 33 61 39 49 15 96 27 16 35 41 92 40 79 28 96 13 11 24 62 48 49 96 29 54 42 6 89 17 22 43 39 10 43 44 56 76
65 69 34 14 43 85 40 26 49 84 50 32 37 98 82 42 98 45 21 9 30 81 24 30 95 39 39 38 49 84 43 30 68 14 70 2 23 21 33 72 58 19 96 81 34 36 29 86 48 21 8 20 37 63 43 28 34 24 43 54 68 100 36 80 25 89 80 47
61 48 30 84 37 92 67 100 65 2 85 63 93 97 79 70 15 92 60 51 16 99 76 74 85 14 13 33 62 96 14 21 49 77 59 78 23 41 9 70 81 39 85 69 88 67 13 96 84 9 73 5 7 88 42 89 62 76 74 100 69 38 13 56 82 78 68 85
91 1 62 64 49 12 71 15 27 45 25 15 92 63 86 34 38 61 25 80 25 58 89 71 60 93 26 59 37 85 49 90 29 68 64 40 84 83 34 39 88 71 42 99 26 10 84 17 47 3 69 63 91 44 43 14 20 50 21 13 46 86 54 36 60 24 14 49
13 62 93 50 64 75 86 38 49 26 96 57 65 31 67 52 52 55 80 74 77 27 97 86 75 12 74 85 65 31 37 10 62 2 98 20 52 52 34 72 80 68 31 8 19 38 98 61 22 31 42 64 1 44 22 37 3 83 23 98 59 35 64 3 64 23 56 34
41 34 46 98 87 37 33 27 8 24 79 73 20 29 17 89 68 40 40 48 57 31 97 71 85 19 60 24 97 32 51 78 20 36 71 76 61 99 93 93 28 51 30 96 35 49 59 76 58 33 88 48 66 69 15 4 52 61 61 81 62 63 91 92 20 27 90 18
81 17 28 7 73 95 4 86 85 23 68 27 32 39 53 13 33 19 34 66 95 88 51 30 22 95 47 16 30 98 79 47 30 5 41 37 93 89 98 70 50 67 38 17 53 81 50 41 94 3 4 48 56 58 29 31 87 95 57 50 7 72 42 79 67 29 96 79
7 94 80 90 45 73 28 25 57 49 90 77 99 48 98 48 7 54 45 83 56 40 17 91 93 99 78 88 97 72 42 84 7 13 1 11 54 46 17 60 89 96 18 69 46 24 34 26 3 47 17 55 79 11 77 56 64 40 6 26 79 79 77 28 41 81 44 13
52 8 58 98 20 71 22 59 33 90 65 22 4 94 65 21 10 97 27 25 73 8 84 95 68 78 16 24 78 86 32 12 63 41 11 26 80 67 80 93 90 81 64 96 79 73 98 46 22 19 69 25 82 88 34 6 3 66 27 26 37 53 9 66 84 91 13 35
51 51 82 71 67 46 14 69 23 28 11 94 40 49 17 56 72 76 83 40 12 48 57 5 12 75 12 78 50 34 81 51 63 98 17 10 67 95 86 95 28 12 99 99 18 80 42 96 51 13 69 69 71 32 99 42 56 94 15 5 6 23 53 49 79 6 5 22
79 76 37 90 71 29 76 89 78 62 9 19 51 39 35 75 97 54 47 56 84 12 80 41 61 72 81 41 62 62 60 67 27 57 70 26 41 54 84 49 49 27 6 51 41 33 58 100 85 88 49 100 50 57 60 78 49 58 55 46 20 40 28 60 99 71 80 67
49 19 3 61 2 60 42 84 45 31 3 69 94 64 54 57 14 5 61 17 6 98 4 34 43 61 86 12 27 74 86 98 54 10 89 47 13 31 58 86 73 81 84 70 23 22 89 22 61 23 54 81 22 91 79 46 49 69 18 96 11 98 99 89 7 10 33 90
21 92 75 94 50 28 47 94 2 28 86 63 20 44 12 56 17 95 4 53 80 52 45 79 32 16 65 71 94 29 61 71 74 88 98 94 13 26 33 15 25 51 19 42 50 100 57 100 58 16 3 74 4 54 20 89 36 35 15 90 36 58 30 55 11 70 10 67
1 36 51 74 24 70 71 83 89 62 82 37 39 15 22 62 9 24 27 66 61 60 18 71 80 10 37 42 62 30 72 11 54 16 56 84 39 63 27 57 43 23 56 60 19 41 19 2 20 51 42 83 54 60 80 44 20 30 73 7 61 90 39 97 71 74 74 71
40 79 91 20 94 31 65 12 100 35 50 48 22 13 81 64 6 66 49 41 88 46 77 56 82 71 32 90 45 74 69 13 68 80 19 89 55 46 89 27 57 52 86 93 99 4 85 87 51 83 53 58 42 57 85 15 71 97 24 40 94 50 1 33 90 54 19 59
41 87 85 55 60 34 71 92 44 75 3 59 94 50 30 29 68 41 77 67 46 37 5 91 94 23 75 97 92 47 76 25 94 87 52 95 96 4 70 21 24 10 14 86 6 99 40 97 91 4 87 89 57 61 22 15 92 12 84 70 38 22 4 100 44 20 5 55
36 30 35 11 40 86 81 89 73 96 49 72 50 38 36 2 44 28 20 87 30 9 96 41 59 17 3 4 44 68 20 81 68 5 62 94 30 39 78 23 27 96 71 54 97 2 75 59 1 52 72 71 31 95 29 4 62 86 53 90 24 85 64 98 21 76 75 78
43 65 59 47 68 71 20 32 54 24 59 5 66 97 1 11 5 4 74 99 4 96 31 89 61 65 59 39 55 93 89 31 29 63 46 4 98 8 28 55 97 15 80 95 94 87 82 79 98 100 15 42 45 40 94 51 6 23 22 40 70 2 56 74 80 87 42 73
10 8 49 100 25 18 3 86 85 97 13 78 35 60 6 70 44 22 13 34 52 13 75 96 18 27 15 52 92 95 100 8 38 4 42 100 36 73 78 99 34 96 53 94 62 95 65 7 37 93 42 98 83 61 53 89 6 34 96 29 44 51 67 17 71 8 75 81
26 87 7 26 6 9 58 16 54 80 95 91 50 58 39 30 93 92 84 78 9 51 90 15 39 84 17 54 100 24 85 65 88 72 4 76 69 69 5 65 75 88 95 56 68 62 97 51 37 52 71 22 23 35 83 11 50 71 56 90 24 35 49 88 90 6 6 95
44 26 54 99 94 50 90 4 12 89 59 25 93 50 70 89 68 4 77 34 60 27 28 36 51 80 8 6 14 93 23 13 62 69 9 28 95 34 12 66 52 90 64 32 9 81 34 41 2 44 8 87 41 96 94 30 48 2 41 37 42 92 15 98 17 41 49 33
96 1 75 67 35 71 36 67 78 94 53 2 25 1 6 16 69 30 70 34 28 45 4 61 38 41 18 74 80 91 1 22 84 1 50 83 46 72 97 64 67 32 76 63 81 31 85 30 12 70 74 96 73 25 87 72 66 53 12 42 2 84 53 91 41 43 89 4
58 15 93 52 30 15 41 24 17 10 97 34 6 62 75 87 71 78 79 43 86 62 87 100 66 84 27 31 89 75 89 32 97 22 41 78 85 97 73 84 39 22 9 68 25 56 51 19 54 7 63 13 9 44 79 64 81 72 19 61 21 53 33 53 12 43 78 25
57 86 8 76 42 87 47 81 32 70 16 81 62 1 4 33 3 100 24 61 97 72 75 27 22 74 99 87 13 71 51 24 64 69 24 5 24 71 10 83 90 88 34 93 71 16 46 6 16 13 86 36 10 18 44 91 6 90 24 18 85 61 40 11 15 4 44 94
35 32 20 45 6 93 13 6 91 75 35 59 43 84 95 69 59 20 37 84 93 65 19 27 32 18 25 25 51 51 42 1 14 46 8 10 26 14 91 94 12 4 34 22 61 84 34 39 74 51 58 42 77 46 81 91 62 67 8 65 1 11 82 95 1 25 57 52
64 53 75 57 87 2 30 90 51 66 7 70 86 35 24 8 52 70 37 85 11 4 22 48 12 2 86 12 27 56 85 18 14 53 24 61 9 100 88 88 26 51 66 32 14 7 19 60 57 44 37 87 37 77 7 26 94 49 40 52 90 2 95 40 37 5 87 14
92 11 87 39 22 36 67 17 23 57 61 97 17 68 81 13 92 77 78 14 13 41 83 74 65 27 58 12 74 37 71 62 39 10 16 61 64 19 15 23 47 84 38 83 79 63 81 52 79 16 7 81 15 97 35 56 1 58 40 71 64 65 7 33 72 10 47 21
