55 66 24 4 41 86 5 8 93 26 76 53 97 62 70 58 66 86 99 82 6 40 34 78 90 71 29 85 82 80 37 77 82 35 40 38 25 21 4 40 90 5 29 48 34 9 61 46 78 8 70 73 39 19 88 16 76 27 73 54 12 35 43 47 7 49 67 52 96 80 82 21 34 57 85 51 53 60 43 34 24 17 63 1 19 62 5 7 92 62 12 83 96 34
25 98 15 14 40 62 78 33 20 41 42 3 88 61 6 89 10 2 26 36 11 8 37 93 1 70 21 53 14 7 7 36 17 29 74 20 50 36 7 22 60 67 24 74 29 27 92 73 26 69 75 84 77 34 49 4 65 31 65 97 55 37 100 54 61 96 6 42 21 14 13 62 29 19 83 60 66 9 32 36 23 75 2 51 25 40 17 89 75 67 47 1 41 66
93 46 62 88 46 49 78 44 6 55 18 46 63 48 89 100 39 26 5 54 33 73 85 55 95 69 66 100 64 76 5 9 70 47 5 81 55 100 15 48 74 55 47 29 77 99 98 71 22 80 60 62 96 65 34 6 50 54 35 77 1 73 93 100 35 70 16 92 9 9 87 70 58 81 16 13 67 25 27 29 46 5 71 80 72 52 39 4 68 61 29 61 45 28
87 90 62 32 73 42 64 84 15 6 60 10 86 90 45 89 22 62 41 30 97 15 68 44 19 2 24 27 34 74 17 16 42 57 33 1 28 88 94 39 77 17 60 54 86 3 67 81 7 70 83 93 90 30 26 25 47 35 92 2 12 83 2 58 45 38 30 47 75 19 63 23 58 82 64 11 25 36 52 79 19 47 57 66 74 81 26 80 78 32 71 14 69 90
64 61 7 68 81 9 35 63 31 59 16 85 3 94 60 26 33 15 77 54 40 42 94 47 33 96 83 12 13 61 72 34 1 98 55 33 31 22 100 29 72 11 55 91 78 12 38 64 34 34 10 39 65 53 21 77 77 31 67 67 19 97 43 72 20 47 81 21 6 39 56 39 31 75 64 62 83 6 79 2 76 61 81 80 16 48 54 47 79 37 97 18 39 21
60 93 1 90 39 27 17 9 33 22 46 91 19 56 5 8 36 45 45 53 32 54 12 63 46 59 27 43 76 19 35 21 83 57 48 100 54 95 43 94 3 61 2 15 81 45 38 61 10 31 86 98 85 48 27 7 26 96 71 86 13 14 1 62 57 33 45 9 98 11 59 62 1 100 79 93 5 9 60 73 86 4 95 75 28 17 79 71 7 12 13 24 95 52
8 71 25 80 73 5 26 13 48 79 56 41 34 82 66 25 78 3 83 11 18 92 52 100 33 51 81 17 8 76 76 12 39 49 70 86 99 35 94 13 96 96 64 30 62 53 96 14 70 52 66 66 52 85 11 45 9 55 47 43 8 46 35 42 99 81 78 19 66 91 23 64 56 92 75 61 11 79 66 49 38 95 88 88 39 53 86 73 41 94 57 31 9 99
4 41 56 87 51 8 88 97 41 95 27 89 63 70 93 69 37 59 81 59 62 95 85 10 88 69 17 94 2 94 51 41 56 43 70 94 100 89 66 63 77 82 79 73 21 23 28 82 97 71 64 52 30 63 33 57 39 22 55 74 56 1 43 63 15 10 39 3 100 27 58 35 56 42 55 26 67 64 21 100 88 61 6 61 77 12 19 85 98 86 60 64 98 45
20 28 46 17 91 33 99 12 57 78 10 68 52 2 91 16 56 52 81 18 12 48 22 57 83 80 64 2 13 87 33 56 66 86 93 41 8 16 37 44 16 48 12 28 8 20 35 58 15 13 38 17 38 76 44 51 39 89 5 75 94 85 8 19 43 31 29 9 64 84 98 53 49 61 52 43 41 78 21 95 65 55 38 15 22 80 16 25 45 67 53 92 21 79
84 81 31 53 68 20 90 53 9 74 80 89 7 75 11 26 10 20 13 38 96 18 97 21 40 39 47 51 84 17 18 95 28 93 79 20 31 4 69 67 20 57 1 54 51 76 74 30 46 27 68 46 13 97 51 5 31 50 99 46 40 79 55 28 21 67 16 66 60 71 14 77 99 88 88 47 60 77 98 52 48 17 88 34 70 16 58 36 96 100 80 77 62 71
26 32 1 2 52 98 3 14 64 26 25 86 85 30 56 81 32 27 86 14 13 52 61 14 98 27 55 74 21 37 44 72 65 25 8 85 80 14 28 94 24 43 48 24 43 8 24 82 5 85 21 13 35 36 15 29 72 22 78 100 34 96 80 100 100 44 91 90 64 12 14 23 72 87 7 21 10 29 80 41 94 45 36 65 81 35 33 33 86 67 42 32 88 42
94 91 90 76 47 23 5 82 5 7 62 76 88 35 95 34 38 19 18 35 80 80 51 20 43 32 52 92 7 40 37 96 29 27 8 46 71 55 88 40 84 17 84 32 31 55 79 39 31 72 76 16 6 36 61 48 12 95 70 15 15 93 37 3 47 57 26 14 10 60 30 18 15 37 6 89 85 13 87 25 51 62 81 66 43 6 15 13 17 67 7 98 35 15
83 18 93 71 21 27 8 3 4 29 75 64 10 72 12 66 10 14 99 52 24 80 95 5 28 66 36 95 84 89 48 44 53 84 5 72 81 10 54 46 100 1 55 24 41 7 8 99 24 30 28 53 3 89 34 40 75 87 73 32 51 97 10 13 22 51 2 100 59 22 87 18 34 72 10 13 14 61 8 28 39 11 63 66 8 75 4 55 13 5 21 45 51 2
43 55 71 8 97 54 30 55 24 84 5 92 85 25 71 27 39 2 17 94 70 56 26 56 33 89 40 64 98 84 100 17 88 59 100 46 85 71 90 97 56 49 51 78 55 40 95 99 2 36 90 71 13 91 55 46 36 55 83 69 42 90 85 16 21 71 9 30 87 15 11 54 9 5 27 58 41 63 77 66 78 81 53 8 69 45 49 31 71 93 20 53 28 98
64 2 95 3 9 29 89 56 54 100 100 82 68 89 19 24 29 41 12 29 51 6 6 61 27 97 98 42 68 42 68 57 82 77 9 45 7 81 32 37 43 25 95 69 42 9 25 75 32 63 5 4 70 9 91 91 56 20 27 98 74 9 48 90 69 46 87 30 46 71 39 69 28 39 63 42 96 51 92 53 3 96 73 54 24 75 100 27 77 98 69 20 56 2
62 75 8 64 53 94 79 59 53 68 78 48 89 53 51 5 80 41 73 16 12 76 2 48 65 8 46 85 14 100 35 94 45 65 41 65 54 40 53 87 78 18 16 15 93 65 68 9 43 26 28 97 9 61 33 96 14 37 89 64 86 2 53 95 4 61 17 82 29 32 14 76 86 1 98 43 69 90 32 71 17 100 62 32 88 19 40 38 90 6 16 33 74 70
85 27 35 14 54 92 56 99 68 40 6 89 14 72 77 58 87 47 14 61 91 55 60 100 98 7 59 21 34 37 100 2 38 83 86 15 79 12 53 97 60 30 79 40 91 60 21 88 2 48 13 53 97 95 40 36 22 98 43 1 88 29 68 22 49 100 88 77 30 80 76 92 30 77 22 62 95 44 96 50 26 84 26 61 74 95 46 41 97 88 42 42 29 89
67 51 4 95 6 44 79 77 11 83 46 32 8 80 70 6 90 97 33 59 28 9 21 72 84 47 37 26 43 47 13 94 51 50 12 81 75 84 75 4 27 15 38 31 58 91 68 80 67 51 84 51 17 24 77 53 13 35 88 87 30 94 21 74 64 55 18 59 72 39 25 27 21 43 87 2 83 26 19 57 12 44 81 66 36 91 45 45 11 26 99 23 15 8
17 78 77 57 78 95 60 12 100 95 13 98 87 95 49 97 4 10 52 10 7 23 95 30 49 38 58 31 1 86 2 55 89 54 75 61 31 94 49 13 75 77 12 12 49 87 38 74 2 35 98 93 10 48 21 43 5 41 34 100 5 27 48 63 72 88 85 4 37 32 90 89 37 66 29 40 80 41 68 53 63 18 80 22 34 34 22 45 34 63 15 71 46 38
98 11 69 43 14 93 5 43 24 46 38 98 9 84 97 6 14 74 58 52 56 53 24 55 8 3 73 16 90 89 41 94 24 91 27 21 41 37 56 58 100 54 29 3 86 31 64 46 38 63 35 61 65 66 18 24 22 20 44 100 8 37 72 41 76 28 35 5 24 39 42 50 24 32 44 38 9 11 90 91 28 77 28 51 54 33 48 59 63 30 7 46 41 2
66 39 3 86 54 72 64 15 40 53 73 87 96 71 9 34 13 26 92 71 11 83 16 72 32 26 77 24 33 94 35 60 5 70 89 17 95 32 34 78 46 43 38 97 50 89 44 69 70 55 15 39 95 33 87 35 9 90 43 34 83 14 59 20 65 29 97 41 90 66 18 62 2 45 93 43 23 35 9 52 98 44 73 3 85 5 44 54 33 94 27 48 55 42
99 71 74 51 52 16 48 29 20 85 51 8 43 26 6 72 38 56 65 16 79 17 90 97 32 37 32 20 88 53 93 14 51 30 98 40 100 73 61 63 40 2 36 11 51 27 77 46 60 49 53 80 87 83 60 67 44 68 30 14 67 100 1 100 12 68 87 72 6 57 3 96 70 31 62 77 4 64 85 23 19 20 35 11 55 1 50 64 80 18 20 35 55 46
55 32 73 94 85 49 63 90 64 64 34 2 13 92 96 28 28 97 36 56 37 82 68 18 85 22 50 32 48 94 69 42 75 59 72 87 98 83 43 35 61 78 71 10 88 91 5 9 45 59 84 70 22 51 58 39 62 68 34 20 96 96 21 16 64 92 10 30 47 14 76 34 41 51 5 91 15 44 63 49 77 51 53 95 92 53 29 63 35 12 89 23 7 64
52 54 26 51 69 30 70 24 79 56 39 12 23 82 18 28 46 93 63 2 21 9 41 68 41 62 43 33 62 78 51 49 18 96 82 83 61 65 39 77 64 15 21 72 21 92 56 99 39 81 9 91 33 3 40 38 77 51 4 14 20 59 95 33 94 99 45 65 100 21 24 79 61 31 91 22 98 12 34 56 27 87 25 57 80 85 39 9 82 78 23 69 84 73
26 72 90 74 48 42 74 72 62 41 75 66 70 37 18 71 48 98 65 65 84 10 87 22 4 99 100 58 9 39 84 42 89 42 1 68 16 9 60 4 25 55 79 71 20 90 74 28 52 53 55 77 25 64 5 1 49 85 91 29 84 84 79 97 18 97 67 47 58 84 89 100 43 46 8 20 25 39 80 85 38 55 37 97 75 55 40 51 43 8 27 1 34 85
52 27 29 14 3 64 27 98 37 19 76 22 39 83 55 9 35 22 41 20 82 100 13 52 40 70 87 59 20 17 19 5 18 75 24 27 52 95 12 65 50 24 21 25 88 56 51 96 62 46 31 2 55 18 60 57 69 62 10 61 74 42 57 82 74 79 41 55 49 89 94 79 9 27 15 72 90 40 65 35 71 38 63 60 34 16 5 89 60 42 59 73 24 65
21 92 70 55 7 82 90 33 62 23 51 11 90 53 40 83 83 58 45 33 89 47 17 39 27 4 78 70 33 5 41 13 48 50 54 56 85 68 39 76 70 20 55 87 38 54 38 79 36 100 85 88 1 86 17 69 96 55 62 22 16 75 31 16 35 49 38 50 83 13 95 65 14 69 23 21 43 17 40 85 69 9 65 22 37 100 34 1 59 97 82 95 91 71
91 81 60 15 7 14 79 1 47 27 54 47 58 73 55 18 39 7 13 28 98 33 10 6 91 55 71 35 72 10 69 20 90 52 79 41 69 39 17 12 91 68 73 75 67 38 15 64 52 62 44 37 65 23 60 60 5 85 6 29 23 36 28 53 64 24 74 28 66 89 47 12 26 99 96 91 55 32 30 16 8 39 26 22 24 21 45 62 85 16 60 48 84 31
42 21 47 53 89 23 7 61 6 18 40 25 47 61 55 65 33 5 36 33 65 41 41 18 16 73 41 49 45 76 45 57 32 68 23 39 18 93 91 7 14 46 29 82 88 53 55 1 26 21 37 26 57 41 91 28 67 62 83 74 12 87 53 1 32 6 77 36 13 50 14 93 99 81 60 20 47 74 52 77 85 62 20 20 11 45 43 98 63 92 55 32 42 74
98 18 80 83 49 34 32 30 57 10 66 87 87 20 14 11 70 73 51 29 15 89 43 49 49 53 24 61 48 23 11 4 40 34 67 58 29 33 5 40 54 43 51 85 72 54 71 2 11 83 19 76 38 86 93 50 41 44 78 59 92 98 57 31 19 34 11 76 22 35 27 16 41 23 82 35 99 47 45 36 25 76 96 69 54 38 39 58 46 54 17 21 45 93
46 54 23 71 89 19 87 86 18 46 68 75 100 67 16 37 60 89 21 83 25 61 61 18 38 12 36 59 8 11 3 7 95 96 1 30 88 93 48 58 70 34 19 82 95 68 8 87 46 43 29 71 100 70 64 98 14 27 61 51 75 55 45 39 53 89 63 99 39 100 57 11 54 60 42 87 50 44 64 3 40 14 33 85 60 53 12 37 54 28 38 10 67 98
34 42 37 39 96 11 69 1 66 43 37 17 94 50 71 94 27 21 26 69 88 38 1 28 16 50 86 22 34 37 6 27 80 45 86 3 10 81 94 42 10 98 35 11 32 54 10 99 89 83 5 17 22 87 7 66 88 92 86 68 11 99 11 89 6 71 38 95 11 100 33 36 42 59 84 17 17 95 5 89 31 31 83 6 79 57 8 64 83 91 5 31 76 62
6 61 40 82 40 45 53 15 13 58 15 59 75 71 27 10 13 67 48 66 92 86 97 76 90 69 53 41 26 16 62 13 61 60 7 60 17 25 27 87 31 44 35 58 68 12 93 14 74 74 66 81 34 91 75 83 93 86 85 10 5 13 18 47 7 84 92 10 65 26 96 68 3 17 18 93 12 89 53 13 28 17 82 61 11 28 2 6 70 72 75 3 10 90
13 67 15 50 16 72 24 15 56 74 19 31 9 20 10 92 100 80 93 98 23 78 81 35 100 80 57 27 12 49 65 35 54 57 49 77 99 37 73 16 1 81 88 34 55 56 71 84 94 21 86 82 99 2 48 90 33 7 45 100 2 54 57 5 12 77 100 42 59 81 14 25 80 8 23 73 62 45 78 3 84 54 20 62 96 2 44 28 72 85 46 4 54 81
46 48 63 100 7 50 89 71 34 67 41 78 88 79 71 60 44 24 27 44 60 81 43 22 27 57 98 13 95 38 97 96 19 2 56 4 8 54 75 38 30 31 80 59 50 36 57 66 95 28 48 35 87 50 50 60 66 78 93 53 36 40 39 74 60 90 85 22 66 52 14 91 54 54 27 23 4 23 16 15 3 85 97 68 43 89 32 20 52 90 84 84 4 28
18 54 52 94 47 29 50 26 53 99 10 56 12 94 79 13 81 54 17 19 46 74 53 35 74 30 80 1 27 91 71 37 10 87 65 42 63 20 10 88 16 96 73 8 29 20 3 52 39 87 73 30 35 74 1 28 50 16 78 75 69 25 82 19 13 65 73 15 66 53 90 100 21 22 67 33 72 99 99 93 75 78 81 22 63 20 60 71 9 63 67 99 66 9
3 76 21 96 74 86 22 22 25 92 87 62 80 30 89 31 36 37 71 51 23 68 56 25 26 6 75 50 3 87 44 78 59 84 14 18 31 90 68 26 84 12 39 30 53 60 88 15 99 60 57 1 2 71 99 93 57 56 55 10 16 51 16 98 37 5 16 85 29 99 29 78 86 44 44 19 25 2 26 39 48 95 49 68 28 94 45 45 9 18 34 95 15 44
22 29 95 22 66 72 23 7 63 57 52 35 4 25 24 90 20 65 2 58 11 45 6 71 74 54 87 24 88 30 51 98 37 49 79 38 93 84 94 6 88 61 1 44 89 90 70 57 5 95 75 98 12 3 74 10 49 24 61 5 72 33 10 61 17 17 86 25 64 44 15 40 97 91 51 73 32 23 41 59 60 69 46 29 42 57 92 72 37 88 100 66 22 28
79 81 9 93 39 43 53 66 40 11 50 35 13 35 14 56 12 100 22 8 9 99 42 15 23 6 16 96 12 7 89 18 16 97 21 4 83 44 66 43 33 3 18 85 75 42 71 18 38 76 65 53 97 23 37 17 5 34 17 43 18 64 53 77 74 96 50 30 7 75 58 82 63 22 10 17 70 58 57 90 68 10 72 88 81 94 39 18 75 47 23 96 5 64
50 75 92 1 84 33 83 73 53 96 50 40 12 89 97 75 74 34 13 85 56 93 87 3 64 80 100 67 92 68 61 8 68 60 94 46 11 82 69 9 100 79 75 85 20 40 12 29 68 50 24 82 79 100 78 63 90 5 62 81 1 2 17 18 90 95 91 69 34 43 70 82 77 31 23 20 20 13 49 96 10 15 55 93 76 100 33 25 31 56 48 76 56 94
34 23 27 18 56 37 29 67 19 42 61 84 30 87 33 47 92 10 40 83 81 77 34 9 80 98 35 81 24 69 52 20 93 66 68 21 74 82 3 79 87 49 34 79 99 99 84 16 45 77 57 81 36 95 95 4 69 2 71 94 22 25 63 16 30 42 79 46 38 40 58 11 29 12 45 74 37 47 53 26 7 8 67 59 61 57 1 58 12 89 49 100 62 45
8 31 33 5 3 11 69 67 13 42 29 44 79 73 20 8 87 21 73 87 75 34 64 89 4 26 14 87 58 65 74 35 41 89 80 37 100 93 100 61 48 8 82 66 80 69 50 40 21 26 51 83 92 4 45 41 33 35 41 78 80 44 42 100 48 10 41 91 75 70 92 56 54 13 32 19 71 4 45 59 96 35 70 91 19 81 28 69 55 64 86 61 43 47
27 40 29 65 22 63 1 26 26 6 56 20 53 16 76 36 22 1 84 49 83 93 24 23 86 98 74 55 38 23 9 40 17 57 85 66 97 79 84 44 22 32 61 57 80 95 13 52 43 76 17 74 65 50 92 24 44 37 95 16 15 96 38 87 64 37 82 59 89 38 76 24 70 41 2 9 43 29 55 54 44 25 34 93 71 18 11 95 42 83 28 7 32 74
93 22 15 66 48 92 81 32 57 41 26 10 36 12 54 12 63 27 58 63 34 35 20 5 17 83 63 84 79 48 94 78 52 28 67 47 56 45 23 20 29 57 46 25 31 46 53 80 8 89 23 47 19 17 33 41 55 99 47 45 96 90 17 48 46 87 92 86 60 23 7 26 32 54 94 13 77 44 88 6 52 73 94 81 84 84 61 97 96 17 35 60 88 49
81 69 6 90 59 58 52 40 4 83 77 80 2 34 61 99 86 79 43 95 29 71 71 22 74 69 36 74 88 39 14 83 42 31 91 25 97 73 67 20 75 66 70 86 64 16 47 30 22 47 81 5 3 52 28 47 87 10 30 64 29 19 89 34 50 42 18 71 42 64 81 2 84 65 13 41 44 3 71 97 45 32 17 16 99 30 98 60 28 68 15 59 53 52
28 88 97 12 55 56 19 76 20 6 14 59 98 77 12 28 95 13 88 18 77 86 27 43 72 26 38 78 37 25 80 67 67 32 35 84 58 85 16 49 87 24 74 35 51 17 34 46 45 67 14 53 95 29 65 59 58 41 43 62 81 63 6 73 88 40 86 48 7 62 63 56 11 16 39 74 62 9 77 8 52 44 50 12 47 31 44 46 65 95 73 44 26 72
19 8 26 98 41 81 77 56 93 41 37 42 40 64 83 89 49 90 5 35 66 86 74 1 74 66 33 24 19 93 55 39 71 42 63 97 41 40 56 74 88 12 4 45 8 15 68 22 30 78 73 79 22 24 95 92 53 5 34 85 91 79 67 21 84 38 37 15 53 81 35 78 70 61 79 99 100 84 23 32 6 50 57 77 58 40 80 97 88 90 23 48 51 59
91 5 83 49 77 60 17 33 16 78 59 20 67 35 4 16 70 7 34 30 63 31 32 69 38 37 89 62 80 7 28 99 9 39 16 59 56 89 43 7 19 95 54 68 66 46 93 61 19 96 57 32 82 59 64 71 81 81 33 7 50 92 15 86 66 74 53 22 58 96 81 1 98 85 43 58 40 14 13 33 100 57 72 80 84 17 15 14 31 94 36 77 64 75
70 96 82 55 71 40 11 80 32 69 51 37 95 60 39 71 16 77 3 41 51 90 70 41 58 13 53 74 45 32 2 67 4 27 28 65 5 49 11 3 64 17 47 71 29 10 82 100 3 56 49 84 54 15 93 30 27 1 4 35 24 50 68 98 32 93 81 22 61 67 1 46 99 69 21 70 10 52 7 22 45 18 1 4 95 65 78 46 39 6 82 84 10 4
48 14 8 5 90 27 20 3 74 83 29 76 7 82 67 71 82 25 38 87 37 35 89 11 46 73 76 32 43 12 64 44 5 47 68 95 28 1 56 67 8 86 48 43 67 100 40 46 72 17 68 35 11 45 15 28 100 67 38 61 28 57 68 36 12 23 61 9 71 39 85 86 79 48 69 74 53 17 83 43 35 41 100 58 43 10 15 4 8 81 93 9 14 66
39 91 33 57 35 69 51 34 15 91 7 96 82 26 37 61 54 15 40 83 38 56 54 39 95 74 42 62 69 75 34 58 10 31 96 28 64 30 3 38 53 54 37 76 92 19 8 9 55 8 16 29 21 42 65 71 4 70 48 86 10 61 85 13 69 22 68 14 21 48 22 1 59 67 83 99 50 46 36 63 69 56 96 2 72 13 5 48 68 100 62 44 70 57
92 49 77 77 70 91 24 49 75 14 39 75 3 82 98 91 60 70 7 78 50 20 70 54 47 34 88 85 70 32 22 29 82 98 13 43 18 61 73 91 16 36 37 28 72 95 63 10 52 69 19 38 48 43 11 51 77 76 86 68 32 1 59 75 3 29 72 18 53 1 78 18 99 27 58 26 84 96 100 23 70 36 6 72 80 83 59 9 87 32 30 18 58 32
62 38 67 19 99 88 28 68 44 81 68 13 7 85 82 59 44 37 48 54 65 1 38 47 20 49 73 94 97 74 78 8 43 33 38 93 47 76 83 84 53 95 22 76 72 66 29 47 80 26 36 55 28 11 7 48 28 85 84 18 58 42 35 5 35 20 79 10 13 69 92 58 20 21 66 96 39 45 31 89 43 11 11 41 33 10 1 45 26 33 17 1 92 54
83 49 52 85 96 47 22 59 9 16 16 76 62 10 19 53 79 63 30 70 39 94 89 46 47 88 72 28 63 4 75 26 30 68 70 72 96 47 40 100 69 2 38 64 97 4 39 57 44 71 20 41 62 60 84 55 66 92 87 81 57 47 56 6 58 75 45 46 61 48 39 31 55 67 37 21 98 1 21 53 71 55 52 11 10 2 36 70 46 70 87 84 100 42
84 42 89 66 12 79 54 8 48 43 91 93 88 87 41 98 49 74 72 68 38 89 81 14 24 85 27 67 33 31 32 78 7 44 31 99 63 27 67 30 43 64 64 33 25 45 83 72 43 88 56 15 45 56 63 65 75 41 54 88 30 99 60 41 17 60 34 83 55 93 51 98 77 4 54 68 90 93 96 17 78 79 17 8 80 46 82 50 18 60 14 16 3 11
93 82 100 99 41 93 54 41 65 73 22 74 56 47 48 48 50 82 98 77 34 39 68 46 41 65 99 94 68 27 16 10 49 43 89 73 63 35 5 75 8 11 21 56 96 93 59 76 54 6 84 87 68 40 88 85 21 38 32 80 92 99 21 11 16 73 96 95 44 78 78 79 91 59 47 3 59 3 77 22 8 7 9 90 73 98 71 1 51 88 52 68 87 17
8 62 39 15 12 68 40 90 62 18 69 76 17 70 18 31 68 63 77 62 56 9 35 11 82 39 45 4 96 58 82 32 55 82 25 21 44 53 21 78 94 26 51 13 48 13 49 40 81 71 31 38 97 93 39 65 96 23 63 11 96 4 3 43 33 31 94 84 39 38 48 38 96 86 76 70 5 16 21 93 8 8 43 98 73 78 37 67 75 91 10 30 46 75
94 67 56 49 88 89 75 70 73 4 57 82 42 81 98 62 30 66 62 67 18 21 76 82 88 7 46 99 62 93 37 49 38 10 87 42 90 90 15 29 3 63 49 94 56 64 98 10 19 88 40 58 56 90 51 39 59 89 89 17 33 3 3 58 83 44 19 35 77 7 73 79 71 21 47 93 72 71 74 49 57 6 91 96 56 43 27 23 35 47 1 78 1 81
87 63 49 47 89 53 7 4 68 60 67 76 13 47 27 87 79 11 90 20 56 78 82 27 74 8 41 86 69 20 29 39 77 13 50 90 31 64 5 54 8 23 13 39 78 77 95 10 23 46 12 50 43 54 4 68 56 32 31 48 31 39 98 65 88 90 48 12 53 41 59 41 11 72 55 28 58 97 52 56 12 68 42 47 19 85 63 7 94 86 61 40 50 84
100 79 12 90 82 84 5 27 84 70 50 89 3 69 86 31 7 53 44 93 93 54 29 60 95 75 58 10 93 97 53 29 60 55 38 95 17 66 66 38 77 92 32 91 56 39 69 40 12 34 73 33 13 48 65 21 1 78 44 19 16 80 95 21 51 48 15 78 42 13 5 93 76 64 53 75 36 55 54 55 4 8 50 54 37 80 81 71 46 30 5 70 50 4
18 50 36 68 39 67 29 48 94 7 3 54 50 97 85 94 22 96 35 18 11 89 96 5 93 3 75 16 67 61 91 79 66 92 49 91 83 72 67 95 24 94 21 85 86 6 30 64 30 64 81 74 26 64 54 17 47 93 65 76 66 79 76 57 21 71 76 42 29 78 7 51 45 6 4 17 95 94 88 46 36 73 17 17 79 60 15 62 30 74 78 24 87 94
45 62 4 22 12 45 43 74 45 14 79 43 76 41 67 12 1 67 68 64 28 85 53 22 9 51 58 20 55 40 87 39 87 63 85 95 7 89 37 33 46 28 34 20 93 31 93 45 29 77 85 85 22 58 7 89 80 86 10 37 74 52 58 56 49 74 46 24 4 60 24 20 63 44 34 56 47 1 93 10 98 87 56 21 49 66 23 11 44 85 34 45 19 55
25 22 87 6 43 60 84 4 11 78 44 80 65 21 37 18 36 91 75 4 31 98 42 88 60 37 78 90 16 88 69 21 100 36 77 45 52 89 37 93 100 5 35 84 86 29 33 33 8 16 10 25 100 45 69 86 1 83 11 43 61 20 99 25 4 15 51 51 17 7 6 47 46 38 2 62 75 23 29 82 80 78 47 36 29 99 80 61 67 56 68 7 11 97
91 19 55 7 3 94 2 16 11 5 91 6 57 4 13 40 34 82 6 53 78 95 70 38 30 24 19 55 85 23 84 8 40 70 89 79 47 11 18 71 46 96 14 20 34 86 32 42 38 80 6 34 6 47 84 41 93 45 59 18 92 77 33 91 40 31 26 9 99 2 78 58 64 23 80 84 69 74 63 54 46 3 24 72 61 100 77 41 98 75 99 23 87 19
34 86 41 62 40 99 29 29 31 13 64 30 37 20 96 93 94 21 70 87 42 48 68 46 100 25 4 62 23 52 89 28 43 19 27 19 79 14 98 1 66 60 43 1 64 59 49 72 8 82 83 58 41 30 5 81 28 92 30 31 39 27 57 82 25 53 67 37 99 41 41 38 27 39 73 31 37 62 60 72 39 59 34 86 91 9 75 24 74 39 39 51 17 14
29 38 62 67 18 26 20 67 85 72 91 36 21 6 35 13 55 64 84 77 46 7 70 32 31 59 12 50 8 79 68 89 3 86 51 90 86 34 7 85 27 86 55 19 32 86 16 54 98 55 56 46 35 54 68 71 50 13 40 4 96 70 95 56 71 41 50 88 64 76 16 42 91 87 85 98 12 32 50 14 34 34 81 33 30 56 11 82 82 41 36 4 73 88
54 60 75 54 50 68 60 5 1 88 74 32 66 11 8 83 72 85 76 75 57 29 17 55 82 59 12 76 68 61 77 19 91 79 97 92 19 49 88 43 57 38 14 60 84 37 80 92 55 65 39 21 88 15 37 40 69 85 57 75 52 47 78 99 4 40 84 69 52 56 48 3 53 69 27 46 7 76 9 96 74 8 98 69 27 75 86 83 51 98 34 13 80 44
100 63 1 43 71 66 64 53 10 88 82 2 56 89 6 42 32 73 18 4 55 84 74 40 71 14 16 31 49 22 100 88 8 42 40 14 71 14 22 39 57 31 11 1 48 84 20 5 13 36 77 98 1 1 20 85 20 65 85 100 87 26 66 9 3 77 54 39 98 4 60 74 51 58 43 45 36 44 94 45 38 24 87 53 82 88 58 98 44 58 41 11 69 79
45 5 41 57 13 47 41 77 22 53 45 73 6 68 63 13 2 63 20 65 63 56 70 91 27 78 88 98 14 55 52 67 32 61 47 90 24 92 49 19 1 12 17 3 83 89 71 59 20 61 6 34 93 95 58 29 60 84 86 96 86 95 25 17 41 90 90 82 53 37 22 41 41 16 91 6 89 23 89 49 96 72 31 2 17 22 73 23 8 2 1 7 12 63
97 3 84 52 9 94 6 96 66 54 98 68 47 43 34 7 12 71 86 81 78 97 27 72 34 44 96 10 79 74 29 19 23 76 19 38 19 91 31 93 26 54 97 12 92 25 81 89 18 14 97 87 90 31 12 93 41 82 12 86 7 2 57 12 43 45 58 80 42 11 78 22 75 90 93 55 39 82 37 66 8 36 41 20 19 25 75 21 21 79 8 5 96 13
1 34 59 41 71 82 62 99 39 55 16 92 59 46 35 12 86 45 5 49 54 64 5 59 50 26 45 33 95 15 36 68 37 89 19 49 89 58 39 89 82 82 55 3 63 15 40 58 1 95 51 22 16 35 55 70 9 16 26 49 11 67 55 47 76 83 80 88 91 28 79 17 18 75 71 96 3 79 26 7 77 64 50 6 50 56 2 23 81 68 100 7 83 18
8 46 87 32 95 18 16 88 70 79 76 11 94 46 9 11 67 43 56 78 8 21 49 66 63 65 22 49 20 1 39 57 37 99 54 27 49 74 26 69 55 69 17 6 53 29 28 59 12 2 12 13 37 32 77 72 100 29 29 41 91 19 56 33 77 65 67 86 17 79 35 63 75 4 62 22 84 50 10 71 100 63 27 70 17 59 4 75 75 83 91 65 41 30
13 38 38 61 84 79 61 87 10 97 20 75 47 47 92 79 65 44 80 87 49 32 83 75 81 41 73 12 97 74 85 66 37 63 62 33 51 82 65 75 47 54 75 26 16 28 66 36 79 13 59 37 97 4 59 29 43 14 64 49 48 63 30 85 15 60 69 29 68 90 72 51 86 44 65 81 12 42 98 73 82 90 48 7 19 80 37 52 59 19 65 54 33 81
78 68 84 29 15 75 8 69 22 34 88 35 19 61 31 23 34 78 41 66 61 59 95 9 55 17 83 70 73 98 85 8 61 97 46 48 53 48 94 8 56 58 48 73 66 63 92 87 13 13 47 83 44 20 63 70 81 41 17 21 68 80 73 81 53 100 91 47 61 7 81 35 70 29 18 27 34 93 39 50 26 52 18 20 49 31 61 15 4 12 37 5 61 61
80 28 48 95 3 18 49 26 29 94 4 37 25 49 82 85 33 24 2 47 44 88 98 1 51 13 44 92 86 40 11 74 90 79 90 28 18 71 58 99 61 13 43 77 76 5 73 19 34 72 1 59 78 3 47 17 57 61 79 71 15 85 19 96 81 24 69 15 42 91 23 74 72 63 50 48 23 59 84 36 43 62 16 33 95 88 64 15 67 36 62 1 16 49
36 60 79 69 96 64 3 24 42 18 45 33 47 77 4 78 68 13 66 64 66 43 27 70 65 72 34 20 98 64 93 99 31 27 75 42 92 47 11 12 22 43 88 83 34 8 45 73 85 69 17 87 24 78 90 4 27 34 48 53 71 35 74 53 58 87 89 44 44 15 58 62 58 66 70 55 29 12 46 14 18 5 11 52 41 82 21 60 36 37 98 43 96 84
33 98 49 18 84 92 79 10 93 77 99 12 70 15 97 75 11 73 44 9 58 97 91 5 68 1 21 5 83 92 78 48 1 96 70 94 69 3 55 73 79 12 77 88 55 9 40 28 66 33 34 33 46 14 36 28 1 98 60 41 75 72 82 72 91 54 85 67 45 38 73 36 31 43 41 64 62 88 49 53 55 26 47 14 45 44 11 75 92 64 97 70 22 25
16 69 62 21 78 40 77 28 30 6 6 58 69 81 99 31 42 84 53 97 74 38 91 43 31 19 94 52 90 76 41 63 23 14 97 51 9 2 15 18 33 72 79 32 10 1 66 4 8 27 45 19 35 50 66 82 88 83 52 26 93 10 81 24 83 90 25 57 29 75 3 12 8 40 82 82 63 65 66 47 23 12 78 72 94 72 35 79 2 69 12 35 73 60
68 97 45 2 33 89 17 31 94 87 38 98 100 55 73 13 71 27 62 73 76 5 13 36 16 46 40 31 2 87 37 87 54 93 91 78 50 79 35 2 10 37 89 14 62 52 11 14 62 3 18 54 50 18 6 20 60 43 25 40 100 55 85 22 53 84 69 44 84 91 54 91 35 77 16 73 84 92 85 14 4 61 26 33 45 53 67 54 17 7 2 80 30 14
62 31 38 40 48 63 65 76 68 26 85 51 2 94 91 63 18 25 96 54 38 79 56 38 75 6 97 89 49 79 92 57 66 44 48 48 10 48 12 31 54 42 80 44 15 8 25 30 46 8 68 90 87 83 29 86 57 21 62 23 14 40 23 1 86 34 66 56 51 94 38 79 19 52 2 75 55 36 18 70 1 29 22 39 64 84 45 66 2 45 69 27 94 79
21 92 87 58 9 12 38 85 26 60 70 65 49 52 4 42 8 14 2 9 15 84 48 77 65 53 33 69 53 75 82 46 100 36 56 95 59 99 88 43 72 90 41 36 28 68 86 83 48 6 2 57 6 84 10 94 31 91 51 57 21 87 99 66 9 88 16 1 28 19 57 74 39 96 58 58 61 36 62 37 46 94 65 36 68 100 98 63 64 57 4 62 80 67
5 99 20 91 52 14 19 32 78 14 64 96 8 3 82 19 74 46 1 83 76 62 37 76 76 28 34 11 89 5 20 16 92 98 67 42 11 71 70 48 93 39 6 24 42 64 98 78 85 49 71 84 44 90 99 17 12 85 59 4 23 25 12 13 24 88 91 92 64 55 99 91 57 31 74 19 65 15 80 60 58 51 74 56 45 89 6 78 65 25 90 77 11 52
64 77 54 75 49 8 3 27 49 73 72 15 62 73 81 1 19 18 43 38 74 66 13 60 53 72 72 7 35 97 69 58 55 71 28 29 46 98 13 38 3 12 28 3 12 7 79 48 8 48 93 43 61 28 2 62 97 5 32 74 3 16 2 68 74 70 69 37 79 25 34 56 33 43 60 88 86 75 80 1 85 93 42 87 60 29 4 63 41 85 100 71 36 81
28 11 63 51 59 77 79 92 16 62 55 35 66 99 31 22 93 63 31 95 9 74 75 79 40 89 9 1 23 86 66 25 10 18 90 36 63 20 90 65 17 62 59 64 67 5 11 52 21 15 28 95 39 78 31 31 23 45 5 36 74 28 1 63 40 6 59 83 34 25 57 48 6 10 98 30 19 68 90 44 80 24 42 8 40 80 49 52 81 46 48 16 84 52
81 36 81 67 69 13 1 24 100 80 38 24 67 80 79 35 6 43 71 34 85 96 46 2 79 24 47 26 15 35 90 92 41 19 81 66 64 97 97 62 40 10 32 41 75 57 3 62 70 16 84 18 14 30 79 41 26 88 71 96 30 79 23 74 96 54 27 58 69 10 15 89 6 11 45 98 29 95 34 41 15 48 63 37 50 17 78 44 35 64 49 45 36 35
32 66 76 96 32 94 90 69 100 86 38 53 80 51 2 54 77 60 28 23 7 59 33 88 16 83 28 26 69 19 35 50 18 54 3 42 11 91 97 28 35 84 93 76 35 94 96 56 50 65 91 100 65 50 26 54 2 74 12 57 26 87 37 96 34 80 95 98 12 4 78 50 56 9 10 82 87 83 91 46 56 89 92 88 60 88 23 52 65 45 85 79 53 38
98 36 88 60 74 58 31 79 21 37 31 78 6 12 87 33 57 84 75 51 93 29 67 63 64 95 87 97 39 13 17 51 15 37 6 34 87 85 15 21 21 50 36 27 12 49 33 20 86 24 91 11 46 8 77 38 96 26 54 75 90 85 88 71 3 24 65 55 8 10 87 34 14 36 10 19 84 76 66 17 10 82 68 85 31 24 44 40 77 48 6 11 25 35
30 42 70 79 69 50 36 32 18 8 21 40 7 15 20 58 10 61 52 55 80 80 72 34 14 37 82 35 96 43 70 17 48 31 46 78 94 28 30 28 80 93 96 4 85 52 71 36 4 48 42 55 52 40 84 78 4 85 87 75 22 55 43 84 94 72 66 2 42 98 4 25 57 52 82 20 75 58 46 39 17 88 15 16 75 38 35 52 5 95 83 24 27 99
98 44 11 16 2 56 96 62 54 74 94 69 46 42 76 1 93 60 41 86 98 94 68 92 85 6 94 53 25 62 97 72 26 78 21 38 91 23 56 86 59 56 27 10 86 22 25 41 22 18 22 62 76 4 91 98 15 100 26 64 94 91 5 83 77 12 4 84 90 45 30 50 42 98 79 39 24 19 69 31 62 13 89 26 45 7 16 92 28 22 69 27 21 72
58 60 5 95 33 59 74 42 35 25 92 29 65 49 68 32 39 77 92 25 29 25 76 36 79 39 10 78 80 66 79 33 44 49 43 40 68 87 98 73 27 46 63 89 5 18 91 56 45 94 49 68 37 72 94 97 23 60 28 93 16 79 85 99 59 17 39 13 69 62 35 56 92 47 8 93 2 71 67 92 81 10 60 43 6 91 29 34 33 56 72 94 30 39
38 87 31 18 63 22 53 16 51 30 64 32 79 8 93 61 19 73 20 59 1 12 37 33 59 4 69 14 87 89 80 70 12 82 54 8 12 70 5 49 74 17 4 9 68 87 83 43 8 65 91 84 41 53 85 40 36 41 17 31 2 93 42 68 95 47 34 57 98 56 25 8 86 87 67 77 33 11 41 55 65 28 3 59 60 88 49 6 62 44 69 78 69 83
71 10 79 27 13 10 13 80 59 58 63 39 66 73 52 79 31 9 67 39 52 30 90 25 64 4 46 11 92 64 24 5 83 88 16 11 7 25 32 50 27 2 27 13 52 37 12 8 25 67 3 71 52 30 89 5 98 45 10 23 48 84 12 65 62 47 91 37 25 26 34 65 99 72 14 76 24 42 40 82 66 39 98 31 8 8 58 99 55 31 53 37 62 94
63 36 53 74 73 58 54 40 95 89 71 35 21 93 98 10 41 92 79 44 24 92 49 63 4 39 69 92 89 96 40 76 78 98 43 11 92 47 81 34 12 28 1 100 3 1 31 74 52 100 26 37 6 55 1 85 72 52 36 42 19 3 26 48 24 40 79 93 81 48 70 100 95 35 14 81 80 65 22 18 88 96 67 34 62 54 19 75 18 38 50 67 27 53
92 27 11 57 29 88 74 11 92 51 59 70 19 9 16 55 99 82 59 26 14 60 98 4 76 87 75 59 99 36 47 59 96 84 80 77 7 76 97 41 20 89 59 62 27 59 100 70 99 41 78 77 68 49 22 98 38 82 88 38 42 92 19 10 82 60 31 48 19 27 6 70 37 30 80 100 48 53 57 17 19 58 37 92 78 98 20 74 86 97 38 16 42 60
